TN:
SF:apps/api/src/lib/admin-heartbeat.ts
FNF:4
FNH:4
BRF:0
BRH:0
DA:18,126
DA:20,20
DA:21,48
DA:22,152
DA:23,60
DA:24,4
DA:25,170
DA:26,72
DA:29,22
DA:30,78
LF:10
LH:10
end_of_record
TN:
SF:apps/api/src/config/stripe-prices.ts
FNF:9
FNH:9
BRF:0
BRH:0
DA:36,117
DA:37,36
DA:38,138
DA:39,126
DA:40,12
DA:41,30
DA:42,138
DA:43,126
DA:44,12
DA:45,45
DA:46,138
DA:47,126
DA:48,6
DA:49,6
DA:56,126
DA:57,36
DA:58,138
DA:59,126
DA:60,12
DA:61,30
DA:62,138
DA:63,126
DA:64,12
DA:65,45
DA:66,138
DA:67,126
DA:68,6
DA:69,6
DA:71,22
DA:72,122
DA:73,139
DA:82,12
DA:83,12
DA:84,20
DA:85,6
DA:86,70
DA:87,81
DA:111,153
DA:112,36
DA:113,39
DA:114,144
DA:115,132
DA:116,9
DA:117,12
DA:118,30
DA:119,297
DA:120,297
DA:121,297
DA:122,297
DA:123,300
DA:124,300
DA:125,300
DA:126,300
DA:127,300
DA:128,294
DA:129,12
DA:130,45
DA:131,297
DA:132,297
DA:133,297
DA:134,297
DA:135,300
DA:136,300
DA:137,300
DA:138,300
DA:139,300
DA:140,294
DA:141,6
DA:142,6
DA:145,162
DA:146,36
DA:147,39
DA:148,144
DA:149,132
DA:150,9
DA:151,12
DA:152,30
DA:153,297
DA:154,297
DA:155,297
DA:156,297
DA:157,300
DA:158,300
DA:159,300
DA:160,300
DA:161,300
DA:162,294
DA:163,12
DA:164,45
DA:165,297
DA:166,297
DA:167,297
DA:168,297
DA:169,300
DA:170,300
DA:171,300
DA:172,300
DA:173,300
DA:174,294
DA:175,6
DA:176,3
DA:178,12
DA:179,92
DA:180,76
DA:181,69
DA:188,36
DA:189,72
DA:190,108
DA:191,72
DA:192,98
DA:193,156
DA:194,4
DA:195,4
DA:196,27
DA:204,12
DA:205,18
DA:206,6
DA:207,72
DA:208,114
DA:209,64
DA:210,116
DA:211,180
DA:212,172
DA:213,4
DA:214,4
DA:215,25
DA:233,123
DA:234,291
DA:235,294
DA:236,291
DA:237,288
DA:238,6
DA:240,132
DA:241,306
DA:242,315
DA:243,306
DA:244,309
DA:245,6
DA:247,22
DA:248,122
DA:249,147
DA:252,12
DA:253,12
DA:254,34
DA:255,6
DA:256,74
DA:257,95
DA:291,117
DA:292,132
DA:293,165
DA:294,120
DA:295,60
DA:296,6
DA:298,126
DA:299,132
DA:300,150
DA:301,120
DA:302,60
DA:303,6
DA:305,22
DA:306,122
DA:307,139
DA:310,22
DA:311,76
LF:164
LH:164
end_of_record
TN:
SF:apps/api/src/config/usage-plans.ts
FNF:3
FNH:1
BRF:0
BRH:0
DA:20,152
DA:23,156
DA:29,140
DA:30,40
DA:31,44
DA:32,40
DA:33,60
DA:34,68
DA:35,8
DA:47,84
DA:48,168
DA:49,111
DA:50,129
DA:51,0
DA:52,192
DA:53,69
DA:54,6
DA:55,0
DA:56,0
DA:57,171
DA:58,126
DA:59,0
DA:60,28
DA:64,140
DA:65,40
DA:66,44
DA:67,40
DA:68,60
DA:69,68
DA:70,8
DA:83,108
DA:84,40
DA:85,44
DA:86,36
DA:87,56
DA:88,56
DA:89,8
DA:101,0
DA:102,0
DA:103,0
DA:104,0
DA:105,0
DA:106,0
DA:107,0
DA:108,0
DA:109,4
DA:117,0
DA:118,0
DA:119,0
DA:120,0
DA:121,0
DA:122,0
DA:123,4
DA:138,124
DA:139,88
DA:140,96
DA:141,68
DA:142,68
DA:143,8
DA:152,160
DA:154,12
LF:61
LH:43
end_of_record
TN:
SF:apps/api/src/services/billing.service.ts
FNF:50
FNH:49
BRF:0
BRH:0
DA:19,78
DA:20,358
DA:29,128
DA:30,120
DA:40,22
DA:41,42
DA:42,27
DA:43,32
DA:44,4
DA:50,22
DA:51,41
DA:52,27
DA:53,32
DA:54,4
DA:60,22
DA:61,42
DA:62,24
DA:63,4
DA:79,6
DA:80,13
DA:81,15
DA:82,0
DA:83,0
DA:84,0
DA:85,0
DA:86,0
DA:87,3
DA:88,55
DA:89,14
DA:90,18
DA:91,29
DA:92,57
DA:93,6
DA:94,69
DA:95,5
DA:96,20
DA:97,29
DA:98,20
DA:99,26
DA:100,29
DA:101,47
DA:102,61
DA:103,22
DA:104,2
DA:105,2
DA:106,73
DA:120,6
DA:121,13
DA:122,15
DA:123,3
DA:124,53
DA:125,67
DA:126,26
DA:127,5
DA:128,13
DA:129,44
DA:130,2
DA:131,68
DA:132,48
DA:140,21
DA:141,23
DA:142,0
DA:143,58
DA:144,24
DA:145,5
DA:146,33
DA:147,0
DA:148,68
DA:149,79
DA:150,0
DA:151,38
DA:152,13
DA:153,18
DA:154,25
DA:155,55
DA:156,43
DA:157,36
DA:158,26
DA:159,25
DA:160,3
DA:161,4
DA:185,6
DA:186,13
DA:187,15
DA:188,3
DA:189,68
DA:190,55
DA:191,0
DA:192,0
DA:193,0
DA:194,55
DA:195,27
DA:196,73
DA:197,0
DA:198,0
DA:199,0
DA:200,57
DA:201,0
DA:202,38
DA:203,27
DA:204,15
DA:205,18
DA:206,25
DA:207,55
DA:208,43
DA:209,36
DA:210,26
DA:211,28
DA:212,31
DA:213,6
DA:214,15
DA:215,25
DA:216,55
DA:217,31
DA:218,31
DA:219,26
DA:220,31
DA:221,44
DA:222,3
DA:223,4
DA:235,84
DA:236,82
DA:238,112
DA:245,27
DA:246,48
DA:247,19
DA:248,0
DA:249,0
DA:250,0
DA:251,27
DA:252,84
DA:253,41
DA:254,22
DA:255,13
DA:256,0
DA:257,2
DA:271,6
DA:272,13
DA:273,8
DA:274,10
DA:275,3
DA:276,23
DA:277,68
DA:278,0
DA:279,75
DA:280,27
DA:281,75
DA:282,0
DA:283,38
DA:284,27
DA:285,15
DA:286,18
DA:287,25
DA:288,55
DA:289,43
DA:290,36
DA:291,26
DA:292,28
DA:293,0
DA:294,0
DA:295,24
DA:296,6
DA:297,15
DA:298,25
DA:299,55
DA:300,31
DA:301,26
DA:302,0
DA:303,0
DA:304,0
DA:305,27
DA:306,25
DA:307,3
DA:308,4
DA:319,21
DA:320,21
DA:321,53
DA:322,43
DA:332,21
DA:333,21
DA:334,53
DA:335,41
DA:344,21
DA:345,21
DA:346,53
DA:347,46
DA:356,6
DA:357,13
DA:358,27
DA:359,3
DA:360,21
DA:361,0
DA:362,79
DA:363,17
DA:364,49
DA:365,2
DA:366,17
DA:367,0
DA:368,23
DA:369,96
DA:370,0
DA:371,38
DA:372,25
DA:373,94
DA:374,88
DA:375,2
DA:376,0
DA:377,53
DA:378,51
DA:379,0
DA:380,44
DA:381,55
DA:382,93
DA:383,51
DA:387,27
DA:388,63
DA:389,60
DA:392,84
DA:394,9
DA:395,57
DA:396,26
DA:397,97
DA:398,2
DA:399,14
DA:430,6
DA:431,7
DA:432,3
DA:433,93
DA:434,39
DA:435,0
DA:436,16
DA:437,0
DA:438,0
DA:439,0
DA:440,0
DA:441,0
DA:442,0
DA:443,0
DA:444,0
DA:445,0
DA:446,0
DA:447,0
DA:448,0
DA:449,0
DA:450,0
DA:451,0
DA:452,0
DA:453,0
DA:454,0
DA:455,0
DA:456,2
DA:457,0
DA:458,38
DA:459,11
DA:460,60
DA:461,67
DA:462,0
DA:463,0
DA:464,0
DA:465,0
DA:466,0
DA:467,0
DA:468,8
DA:469,6
DA:470,14
DA:471,19
DA:472,87
DA:473,163
DA:474,72
DA:475,8
DA:476,6
DA:477,9
DA:478,0
DA:479,2
DA:490,6
DA:491,13
DA:492,11
DA:493,10
DA:494,12
DA:495,12
DA:496,15
DA:497,3
DA:498,37
DA:499,36
DA:500,16
DA:501,14
DA:502,13
DA:503,15
DA:504,14
DA:505,16
DA:506,5
DA:507,12
DA:508,25
DA:509,21
DA:510,83
DA:511,1
DA:514,1
DA:515,8
DA:516,3
DA:517,93
DA:518,39
DA:519,0
DA:520,38
DA:521,52
DA:522,26
DA:523,7
DA:524,0
DA:525,19
DA:526,13
DA:527,46
DA:528,75
DA:529,6
DA:530,0
DA:531,0
DA:532,12
DA:533,0
DA:534,4
DA:535,4
DA:536,0
DA:537,0
DA:538,25
DA:539,98
DA:540,71
DA:541,0
DA:542,0
DA:543,0
DA:544,0
DA:545,0
DA:546,0
DA:547,0
DA:548,37
DA:549,29
DA:550,57
DA:551,71
DA:552,26
DA:553,9
DA:554,22
DA:555,74
DA:556,80
DA:557,4
DA:558,4
DA:559,0
DA:560,82
DA:561,25
DA:562,0
DA:563,27
DA:564,81
DA:565,46
DA:566,50
DA:567,15
DA:568,31
DA:569,0
DA:570,13
DA:571,51
DA:572,0
DA:573,0
DA:574,25
DA:575,83
DA:576,82
DA:577,0
DA:578,0
DA:579,15
DA:580,22
DA:581,21
DA:582,27
DA:583,0
DA:584,41
DA:585,23
DA:586,39
DA:587,36
DA:588,36
DA:589,49
DA:590,25
DA:591,41
DA:592,38
DA:593,38
DA:594,39
DA:595,56
DA:596,2
DA:597,69
DA:598,37
DA:599,18
DA:600,25
DA:601,44
DA:602,70
DA:603,25
DA:604,1
DA:605,6
DA:606,25
DA:607,44
DA:608,41
DA:609,43
DA:610,31
DA:611,13
DA:612,16
DA:613,23
DA:614,37
DA:615,65
DA:616,6
DA:617,0
DA:618,0
DA:619,35
DA:620,29
DA:621,15
DA:622,25
DA:623,27
DA:624,30
DA:625,33
DA:626,55
DA:627,59
DA:628,31
DA:629,11
DA:630,62
DA:631,27
DA:632,3
DA:633,7
DA:634,5
DA:635,7
DA:636,0
DA:637,34
DA:638,15
DA:639,20
DA:640,18
DA:641,17
DA:642,19
DA:643,47
DA:644,15
DA:645,18
DA:646,15
DA:647,22
DA:648,18
DA:649,5
DA:650,7
DA:651,0
DA:652,14
DA:653,20
DA:654,66
DA:655,40
DA:656,10
DA:657,2
DA:658,3
DA:683,21
DA:684,50
DA:685,20
DA:686,85
DA:687,8
DA:688,2
DA:689,0
DA:690,56
DA:691,27
DA:692,15
DA:693,15
DA:694,34
DA:695,26
DA:696,3
DA:697,5
DA:698,25
DA:699,0
DA:700,0
DA:701,0
DA:702,24
DA:703,48
DA:704,72
DA:705,25
DA:706,54
DA:707,34
DA:708,26
DA:709,21
DA:710,26
DA:711,2
DA:712,41
DA:713,0
DA:714,53
DA:715,67
DA:716,36
DA:717,5
DA:718,32
DA:719,117
DA:720,8
DA:721,2
DA:722,0
DA:723,53
DA:724,0
DA:725,0
DA:726,39
DA:727,0
DA:728,55
DA:729,38
DA:730,0
DA:731,0
DA:732,0
DA:733,0
DA:734,113
DA:735,0
DA:736,66
DA:737,37
DA:738,43
DA:739,58
DA:740,0
DA:741,9
DA:742,33
DA:743,7
DA:744,37
DA:745,29
DA:746,22
DA:747,18
DA:748,19
DA:749,20
DA:750,34
DA:751,41
DA:752,27
DA:753,5
DA:754,3
DA:755,44
DA:756,6
DA:757,0
DA:758,45
DA:759,7
DA:760,37
DA:761,25
DA:762,48
DA:763,45
DA:764,19
DA:765,20
DA:766,30
DA:767,34
DA:768,38
DA:769,5
DA:770,3
DA:771,47
DA:772,6
DA:773,54
DA:774,11
DA:775,43
DA:776,22
DA:777,129
DA:778,0
DA:779,0
DA:780,39
DA:781,29
DA:782,55
DA:783,7
DA:784,0
DA:785,56
DA:786,18
DA:787,24
DA:788,17
DA:789,12
DA:790,7
DA:791,17
DA:792,17
DA:793,80
DA:794,10
DA:804,6
DA:805,13
DA:806,11
DA:807,3
DA:808,42
DA:815,12
DA:816,0
DA:817,0
DA:818,0
DA:819,0
DA:820,0
DA:821,0
DA:822,0
DA:823,0
DA:824,0
DA:825,0
DA:826,0
DA:827,3
DA:828,57
DA:829,39
DA:830,45
DA:831,15
DA:832,36
DA:833,54
DA:834,46
DA:835,26
DA:836,12
DA:837,26
DA:838,44
DA:839,50
DA:840,46
DA:841,54
DA:842,6
DA:843,15
DA:844,54
DA:845,46
DA:846,26
DA:847,12
DA:848,26
DA:849,44
DA:850,50
DA:851,46
DA:852,54
DA:853,3
DA:854,4
DA:860,6
DA:861,13
DA:862,9
DA:863,0
DA:864,0
DA:865,0
DA:866,0
DA:867,0
DA:868,3
DA:869,39
DA:870,14
DA:871,21
DA:872,65
DA:873,56
DA:874,6
DA:875,35
DA:876,32
DA:877,28
DA:878,4
DA:884,22
DA:885,45
DA:886,24
DA:887,4
DA:893,6
DA:894,13
DA:895,6
DA:896,0
DA:897,0
DA:898,0
DA:899,3
DA:900,41
DA:901,27
DA:902,15
DA:903,18
DA:904,46
DA:905,21
DA:906,6
DA:907,15
DA:908,46
DA:909,21
DA:910,3
DA:911,4
DA:919,21
DA:920,47
DA:921,44
DA:922,26
DA:923,5
DA:924,50
DA:925,33
DA:942,6
DA:943,12
DA:944,3
DA:945,21
DA:946,0
DA:947,9
DA:948,55
DA:949,66
DA:950,7
DA:951,72
DA:952,0
DA:953,44
DA:954,60
DA:955,54
DA:956,4
DA:957,0
DA:958,72
DA:959,65
DA:960,0
DA:961,0
DA:962,0
DA:963,0
DA:964,75
DA:965,0
DA:966,20
DA:967,83
DA:968,0
DA:969,44
DA:970,0
DA:971,45
DA:972,31
DA:973,17
DA:974,42
DA:975,49
DA:976,7
DA:977,9
DA:978,66
DA:979,4
DA:980,0
DA:981,52
DA:982,22
DA:983,83
DA:984,42
DA:985,30
DA:986,41
DA:987,9
DA:988,45
DA:989,31
DA:990,17
DA:991,42
DA:992,49
DA:993,7
DA:994,9
DA:995,97
DA:996,4
DA:997,0
DA:998,55
DA:999,0
DA:1000,0
DA:1001,41
DA:1002,0
DA:1003,0
DA:1004,0
DA:1005,0
DA:1006,84
DA:1007,47
DA:1008,44
DA:1009,47
DA:1010,44
DA:1011,6
DA:1012,21
DA:1013,95
DA:1014,44
DA:1015,4
DA:1016,0
DA:1017,58
DA:1018,35
DA:1019,0
DA:1020,0
DA:1021,0
DA:1022,40
DA:1023,7
DA:1024,0
DA:1025,40
DA:1026,28
DA:1027,39
DA:1028,7
DA:1029,0
DA:1030,43
DA:1031,29
DA:1032,15
DA:1033,40
DA:1034,47
DA:1035,5
DA:1036,7
DA:1037,0
DA:1038,62
DA:1039,18
DA:1040,25
DA:1041,31
DA:1042,41
DA:1043,19
DA:1044,37
DA:1045,7
DA:1046,67
DA:1047,17
DA:1048,84
DA:1049,39
DA:1056,6
DA:1057,13
DA:1058,9
DA:1059,3
DA:1060,38
DA:1061,27
DA:1062,15
DA:1063,18
DA:1064,28
DA:1065,43
DA:1066,45
DA:1067,63
DA:1068,43
DA:1069,31
DA:1070,30
DA:1071,6
DA:1072,15
DA:1073,45
DA:1074,60
DA:1075,3
DA:1076,2
LF:776
LH:628
end_of_record
TN:
SF:apps/api/src/lib/ai-proxy-token.ts
FNF:8
FNH:8
BRF:0
BRH:0
DA:30,129
DA:36,18
DA:37,45
DA:38,93
DA:39,102
DA:40,105
DA:41,74
DA:43,141
DA:44,48
DA:45,405
DA:47,3
DA:48,4
DA:50,198
DA:51,78
DA:80,20
DA:81,28
DA:82,160
DA:83,106
DA:84,144
DA:87,27
DA:88,177
DA:89,198
DA:90,60
DA:106,18
DA:107,33
DA:108,39
DA:109,24
DA:110,33
DA:111,9
DA:112,102
DA:114,138
DA:115,75
DA:116,63
DA:117,42
DA:118,48
DA:119,33
DA:120,63
DA:121,96
DA:122,126
DA:123,12
DA:125,192
DA:126,198
DA:127,180
DA:130,126
DA:131,21
DA:132,102
DA:133,105
DA:134,21
DA:135,24
DA:136,12
DA:138,294
DA:140,165
DA:153,45
DA:154,27
DA:155,105
DA:156,83
DA:157,22
DA:158,12
DA:160,204
DA:161,186
DA:162,108
DA:165,126
DA:166,21
DA:167,102
DA:168,105
DA:169,21
DA:170,30
DA:171,18
DA:173,177
DA:174,189
DA:175,146
DA:176,102
DA:177,8
DA:179,82
DA:180,16
DA:181,10
DA:182,32
DA:183,76
DA:184,12
DA:186,29
DA:187,56
DA:188,11
DA:189,8
DA:192,128
DA:195,71
DA:196,72
DA:197,11
DA:198,8
DA:201,92
DA:202,51
DA:203,52
DA:204,11
DA:205,8
DA:207,31
DA:208,57
DA:209,195
DA:210,36
DA:218,32
DA:219,18
DA:220,70
DA:221,75
DA:222,116
DA:223,65
DA:224,11
DA:225,11
LF:105
LH:105
end_of_record
TN:
SF:apps/api/src/services/analytics.service.ts
FNF:93
FNH:89
BRF:0
BRH:0
DA:12,152
DA:15,9
DA:16,23
DA:17,43
DA:18,33
DA:19,56
DA:20,2
DA:21,9
DA:24,16
DA:25,29
DA:26,30
DA:27,32
DA:28,31
DA:29,33
DA:30,27
DA:31,37
DA:32,29
DA:33,34
DA:34,0
DA:35,4
DA:57,24
DA:58,32
DA:59,36
DA:60,28
DA:61,12
DA:62,92
DA:63,89
DA:64,35
DA:65,31
DA:66,77
DA:67,8
DA:68,85
DA:69,11
DA:70,65
DA:71,12
DA:72,77
DA:73,21
DA:74,71
DA:75,65
DA:76,31
DA:77,5
DA:78,12
DA:79,67
DA:80,11
DA:81,78
DA:82,33
DA:83,203
DA:84,92
DA:86,248
DA:99,48
DA:100,136
DA:107,11
DA:108,15
DA:109,60
DA:110,28
DA:111,19
DA:112,1
DA:118,10
DA:119,22
DA:120,28
DA:121,59
DA:122,42
DA:123,2
DA:124,33
DA:125,40
DA:126,42
DA:134,1
DA:135,8
DA:136,3
DA:137,35
DA:138,26
DA:139,0
DA:140,28
DA:141,39
DA:142,38
DA:143,43
DA:144,50
DA:145,37
DA:146,6
DA:147,47
DA:148,2
DA:149,2
DA:150,0
DA:151,50
DA:152,27
DA:153,5
DA:167,20
DA:168,64
DA:169,83
DA:170,33
DA:171,39
DA:172,9
DA:173,37
DA:174,42
DA:175,31
DA:176,9
DA:177,34
DA:178,18
DA:179,22
DA:180,26
DA:181,55
DA:182,11
DA:183,9
DA:184,7
DA:185,6
DA:186,7
DA:187,14
DA:188,18
DA:189,62
DA:190,16
DA:191,1
DA:192,2
DA:193,0
DA:194,25
DA:195,0
DA:196,71
DA:197,34
DA:198,43
DA:199,9
DA:200,33
DA:201,43
DA:202,9
DA:203,34
DA:204,18
DA:205,23
DA:206,29
DA:207,47
DA:208,7
DA:209,6
DA:210,7
DA:211,46
DA:212,2
DA:213,0
DA:214,27
DA:215,0
DA:216,80
DA:217,29
DA:218,47
DA:219,9
DA:220,30
DA:221,47
DA:222,9
DA:223,34
DA:224,18
DA:225,51
DA:226,7
DA:227,9
DA:228,33
DA:229,47
DA:230,6
DA:231,7
DA:232,55
DA:233,2
DA:234,0
DA:235,0
DA:236,93
DA:237,23
DA:238,24
DA:239,29
DA:240,27
DA:241,31
DA:242,33
DA:243,31
DA:244,4
DA:245,5
DA:246,0
DA:247,12
DA:248,15
DA:249,20
DA:250,18
DA:251,22
DA:252,21
DA:253,5
DA:263,6
DA:264,12
DA:265,15
DA:266,3
DA:267,37
DA:268,0
DA:269,27
DA:270,0
DA:271,53
DA:272,33
DA:273,77
DA:274,36
DA:275,35
DA:276,9
DA:277,32
DA:278,77
DA:279,36
DA:280,35
DA:281,6
DA:282,7
DA:283,0
DA:284,30
DA:285,38
DA:286,33
DA:287,2
DA:288,2
DA:289,0
DA:290,0
DA:291,61
DA:292,28
DA:293,43
DA:294,34
DA:295,33
DA:296,7
DA:297,33
DA:298,43
DA:299,34
DA:300,33
DA:301,7
DA:302,31
DA:303,43
DA:304,34
DA:305,33
DA:306,4
DA:307,5
DA:308,0
DA:309,28
DA:310,30
DA:311,40
DA:312,33
DA:313,6
DA:333,6
DA:334,12
DA:335,0
DA:336,0
DA:337,0
DA:338,0
DA:339,0
DA:340,0
DA:341,3
DA:342,23
DA:343,68
DA:344,0
DA:345,55
DA:346,33
DA:347,33
DA:348,61
DA:349,29
DA:350,7
DA:351,33
DA:352,23
DA:353,29
DA:354,29
DA:355,4
DA:356,5
DA:357,0
DA:358,22
DA:359,18
DA:360,22
DA:361,21
DA:362,0
DA:363,34
DA:364,40
DA:365,63
DA:366,31
DA:367,18
DA:368,69
DA:369,10
DA:370,16
DA:371,61
DA:372,10
DA:373,18
DA:374,69
DA:375,21
DA:376,0
DA:377,0
DA:378,67
DA:379,0
DA:380,2
DA:381,0
DA:382,19
DA:383,33
DA:384,48
DA:385,2
DA:386,0
DA:387,55
DA:397,6
DA:398,12
DA:399,15
DA:400,3
DA:401,37
DA:402,22
DA:403,22
DA:404,27
DA:405,4
DA:406,0
DA:407,53
DA:408,10
DA:409,15
DA:410,23
DA:411,22
DA:412,19
DA:413,21
DA:414,19
DA:415,6
DA:416,31
DA:417,5
DA:418,0
DA:419,0
DA:420,31
DA:421,32
DA:422,90
DA:423,24
DA:424,46
DA:425,47
DA:426,2
DA:427,0
DA:428,0
DA:429,27
DA:430,32
DA:431,13
DA:432,15
DA:433,50
DA:434,4
DA:435,2
DA:436,0
DA:437,0
DA:438,27
DA:439,32
DA:440,86
DA:441,2
DA:442,52
DA:443,64
DA:444,48
DA:445,15
DA:446,0
DA:447,0
DA:448,41
DA:449,0
DA:450,0
DA:451,70
DA:452,0
DA:453,12
DA:454,31
DA:455,18
DA:456,51
DA:457,43
DA:458,17
DA:459,12
DA:460,1
DA:488,7
DA:489,40
DA:497,6
DA:498,12
DA:499,16
DA:500,10
DA:501,0
DA:502,0
DA:503,0
DA:504,0
DA:505,0
DA:506,3
DA:507,3
DA:508,78
DA:509,45
DA:510,43
DA:511,33
DA:512,0
DA:513,22
DA:514,22
DA:515,19
DA:516,13
DA:517,30
DA:518,23
DA:519,32
DA:520,33
DA:521,29
DA:522,28
DA:523,5
DA:524,6
DA:525,34
DA:526,4
DA:527,0
DA:528,53
DA:529,10
DA:530,15
DA:531,21
DA:532,22
DA:533,19
DA:534,19
DA:535,27
DA:536,19
DA:537,3
DA:538,5
DA:539,0
DA:540,0
DA:541,24
DA:542,28
DA:543,88
DA:544,48
DA:545,33
DA:546,49
DA:547,7
DA:548,71
DA:549,2
DA:550,0
DA:551,0
DA:552,24
DA:553,31
DA:554,24
DA:555,27
DA:556,27
DA:557,0
DA:558,0
DA:559,0
DA:560,0
DA:561,0
DA:562,0
DA:563,42
DA:564,55
DA:565,73
DA:566,51
DA:567,46
DA:568,0
DA:569,0
DA:570,32
DA:571,49
DA:572,40
DA:573,46
DA:574,0
DA:575,15
DA:576,20
DA:577,47
DA:578,22
DA:579,14
DA:580,45
DA:581,0
DA:582,14
DA:583,21
DA:584,23
DA:585,23
DA:586,3
DA:587,11
DA:588,0
DA:589,52
DA:590,34
DA:591,58
DA:592,70
DA:593,0
DA:594,29
DA:595,67
DA:596,39
DA:597,2
DA:598,0
DA:599,0
DA:600,71
DA:601,59
DA:602,62
DA:603,42
DA:604,53
DA:605,42
DA:606,0
DA:607,0
DA:608,18
DA:609,32
DA:610,33
DA:611,28
DA:612,31
DA:613,27
DA:614,31
DA:615,48
DA:616,23
DA:617,46
DA:618,21
DA:619,57
DA:620,79
DA:621,61
DA:622,22
DA:623,4
DA:624,55
DA:625,45
DA:626,2
DA:627,0
DA:628,12
DA:629,9
DA:630,15
DA:631,20
DA:632,23
DA:633,23
DA:634,35
DA:635,6
DA:636,11
DA:637,12
DA:638,8
DA:639,5
DA:656,6
DA:657,12
DA:658,15
DA:659,3
DA:660,23
DA:661,52
DA:662,54
DA:663,56
DA:664,0
DA:665,0
DA:666,46
DA:667,40
DA:668,0
DA:669,67
DA:670,36
DA:671,60
DA:672,35
DA:673,28
DA:674,9
DA:675,36
DA:676,61
DA:677,35
DA:678,28
DA:679,9
DA:680,36
DA:681,62
DA:682,35
DA:683,28
DA:684,6
DA:685,7
DA:686,0
DA:687,14
DA:688,28
DA:689,28
DA:690,25
DA:691,1
DA:692,2
DA:693,0
DA:694,0
DA:695,71
DA:696,31
DA:697,44
DA:698,31
DA:699,24
DA:700,7
DA:701,31
DA:702,45
DA:703,31
DA:704,24
DA:705,7
DA:706,31
DA:707,46
DA:708,31
DA:709,24
DA:710,4
DA:711,5
DA:712,0
DA:713,12
DA:714,28
DA:715,28
DA:716,25
DA:717,5
DA:774,6
DA:775,12
DA:776,16
DA:777,13
DA:778,3
DA:779,37
DA:780,33
DA:781,51
DA:782,0
DA:783,19
DA:784,19
DA:785,13
DA:786,30
DA:787,23
DA:788,32
DA:789,33
DA:790,29
DA:791,28
DA:792,5
DA:793,6
DA:794,27
DA:795,4
DA:796,64
DA:797,58
DA:798,51
DA:799,55
DA:800,23
DA:801,77
DA:802,2
DA:803,0
DA:804,47
DA:805,34
DA:806,12
DA:807,37
DA:808,31
DA:809,15
DA:810,7
DA:811,36
DA:812,5
DA:813,0
DA:814,0
DA:815,90
DA:816,46
DA:817,35
DA:818,60
DA:819,5
DA:820,53
DA:821,0
DA:822,42
DA:823,49
DA:824,45
DA:825,56
DA:826,42
DA:827,14
DA:828,19
DA:829,29
DA:830,35
DA:831,47
DA:832,37
DA:833,16
DA:834,30
DA:835,47
DA:836,67
DA:837,41
DA:838,43
DA:839,41
DA:840,33
DA:841,50
DA:842,77
DA:843,38
DA:844,47
DA:845,35
DA:846,18
DA:847,1
DA:848,4
DA:849,0
DA:850,42
DA:857,6
DA:858,12
DA:859,15
DA:860,3
DA:861,37
DA:862,0
DA:863,19
DA:864,19
DA:865,13
DA:866,30
DA:867,23
DA:868,32
DA:869,33
DA:870,29
DA:871,28
DA:872,5
DA:873,6
DA:874,27
DA:875,4
DA:876,64
DA:877,58
DA:878,51
DA:879,0
DA:880,0
DA:881,53
DA:882,10
DA:883,15
DA:884,21
DA:885,22
DA:886,19
DA:887,24
DA:888,3
DA:889,5
DA:890,0
DA:891,0
DA:892,31
DA:893,0
DA:894,0
DA:895,0
DA:896,0
DA:897,0
DA:898,0
DA:899,0
DA:900,0
DA:901,0
DA:902,0
DA:903,0
DA:904,0
DA:905,32
DA:906,49
DA:907,60
DA:908,46
DA:909,43
DA:910,57
DA:911,0
DA:912,20
DA:913,33
DA:914,57
DA:915,59
DA:916,52
DA:917,49
DA:918,42
DA:919,53
DA:920,13
DA:921,31
DA:922,31
DA:923,14
DA:924,47
DA:925,24
DA:926,48
DA:927,50
DA:928,43
DA:929,40
DA:930,33
DA:931,43
DA:932,9
DA:933,0
DA:934,2
DA:935,0
DA:936,0
DA:937,108
DA:938,46
DA:939,35
DA:940,60
DA:941,5
DA:942,53
DA:943,0
DA:944,0
DA:945,0
DA:946,47
DA:947,27
DA:948,78
DA:949,2
DA:950,25
DA:951,61
DA:952,2
DA:953,15
DA:954,43
DA:955,2
DA:956,0
DA:957,0
DA:958,82
DA:959,0
DA:960,45
DA:961,17
DA:962,41
DA:963,14
DA:964,25
DA:965,35
DA:966,43
DA:967,37
DA:968,23
DA:969,29
DA:970,37
DA:971,45
DA:972,47
DA:973,35
DA:974,41
DA:975,35
DA:976,90
DA:977,1
DA:978,2
DA:979,8
DA:980,0
DA:981,0
DA:982,20
DA:983,33
DA:984,74
DA:985,76
DA:986,64
DA:987,70
DA:988,64
DA:989,19
DA:990,60
DA:991,57
DA:992,4
DA:993,0
DA:994,32
DA:1004,6
DA:1005,12
DA:1006,15
DA:1007,3
DA:1008,37
DA:1009,0
DA:1010,0
DA:1011,53
DA:1012,25
DA:1013,43
DA:1014,33
DA:1015,60
DA:1016,3
DA:1017,0
DA:1018,73
DA:1019,35
DA:1020,26
DA:1021,17
DA:1022,17
DA:1023,24
DA:1024,19
DA:1025,21
DA:1026,67
DA:1027,9
DA:1028,7
DA:1029,8
DA:1030,33
DA:1031,7
DA:1032,32
DA:1033,70
DA:1034,7
DA:1035,32
DA:1036,40
DA:1037,4
DA:1038,5
DA:1039,0
DA:1040,40
DA:1041,30
DA:1042,75
DA:1043,0
DA:1044,0
DA:1045,46
DA:1046,0
DA:1047,12
DA:1048,18
DA:1049,18
DA:1050,19
DA:1051,26
DA:1052,15
DA:1053,5
DA:1063,20
DA:1064,39
DA:1065,0
DA:1066,52
DA:1067,10
DA:1068,15
DA:1069,15
DA:1070,17
DA:1071,19
DA:1072,17
DA:1073,22
DA:1074,17
DA:1075,19
DA:1076,29
DA:1077,25
DA:1078,7
DA:1079,5
DA:1080,3
DA:1081,5
DA:1082,0
DA:1083,0
DA:1084,27
DA:1085,30
DA:1086,60
DA:1087,2
DA:1088,0
DA:1089,0
DA:1090,25
DA:1091,30
DA:1092,52
DA:1093,2
DA:1094,0
DA:1095,0
DA:1096,28
DA:1097,16
DA:1098,13
DA:1099,17
DA:1100,40
DA:1101,35
DA:1102,3
DA:1103,44
DA:1104,15
DA:1105,0
DA:1106,12
DA:1107,35
DA:1108,43
DA:1109,39
DA:1110,12
DA:1111,5
DA:1121,20
DA:1122,39
DA:1123,0
DA:1124,62
DA:1125,10
DA:1126,15
DA:1127,19
DA:1128,19
DA:1129,25
DA:1130,3
DA:1131,5
DA:1132,0
DA:1133,0
DA:1134,25
DA:1135,37
DA:1136,60
DA:1137,2
DA:1138,0
DA:1139,0
DA:1140,27
DA:1141,37
DA:1142,64
DA:1143,2
DA:1144,0
DA:1145,0
DA:1146,29
DA:1147,37
DA:1148,86
DA:1149,2
DA:1150,0
DA:1151,0
DA:1152,53
DA:1153,30
DA:1154,3
DA:1155,81
DA:1156,58
DA:1157,0
DA:1158,12
DA:1159,45
DA:1160,81
DA:1161,39
DA:1162,43
DA:1163,47
DA:1164,19
DA:1165,16
DA:1166,5
DA:1173,328
DA:1174,224
DA:1185,28
DA:1186,156
DA:1187,172
DA:1188,150
DA:1189,16
DA:1193,28
DA:1194,178
DA:1195,140
DA:1196,150
DA:1197,22
DA:1198,32
DA:1201,44
DA:1202,48
DA:1203,48
DA:1204,156
DA:1205,212
DA:1206,64
DA:1207,80
DA:1208,200
DA:1209,153
DA:1210,36
DA:1211,28
DA:1212,24
DA:1213,12
DA:1214,4
DA:1217,24
DA:1218,157
DA:1219,124
DA:1220,156
DA:1221,152
DA:1222,56
DA:1239,24
DA:1240,64
DA:1241,92
DA:1242,12
DA:1243,148
DA:1244,272
DA:1246,176
DA:1247,40
DA:1248,148
DA:1252,1629
DA:1287,447
DA:1291,4729
DA:1326,20
DA:1327,16
DA:1329,96
DA:1330,51
DA:1331,42
DA:1332,294
DA:1333,189
DA:1334,3
DA:1335,8
DA:1336,48
DA:1337,128
DA:1338,144
DA:1339,184
DA:1340,160
DA:1341,128
DA:1342,256
DA:1343,244
DA:1344,8
DA:1365,18
DA:1366,48
DA:1367,39
DA:1368,9
DA:1369,111
DA:1370,99
DA:1371,153
DA:1372,174
DA:1373,0
DA:1374,69
DA:1375,99
DA:1376,107
DA:1377,12
DA:1378,0
DA:1379,138
DA:1380,84
DA:1381,69
DA:1382,51
DA:1383,51
DA:1384,57
DA:1385,60
DA:1386,72
DA:1387,177
DA:1388,63
DA:1389,114
DA:1390,123
DA:1391,45
DA:1392,30
DA:1393,57
DA:1394,63
DA:1395,69
DA:1396,27
DA:1397,21
DA:1398,24
DA:1399,111
DA:1400,93
DA:1401,45
DA:1402,21
DA:1403,123
DA:1404,15
DA:1405,0
DA:1406,117
DA:1407,0
DA:1408,237
DA:1409,69
DA:1410,90
DA:1411,72
DA:1412,132
DA:1413,48
DA:1414,21
DA:1415,30
DA:1416,356
DA:1417,0
DA:1418,0
DA:1419,0
DA:1420,0
DA:1421,79
DA:1422,0
DA:1423,15
DA:1424,804
DA:1425,0
DA:1426,0
DA:1427,0
DA:1428,0
DA:1429,0
DA:1430,0
DA:1431,28
DA:1432,30
DA:1433,250
DA:1434,0
DA:1435,0
DA:1436,0
DA:1437,79
DA:1438,0
DA:1439,15
DA:1440,592
DA:1441,0
DA:1442,0
DA:1443,0
DA:1444,0
DA:1445,0
DA:1446,28
DA:1447,30
DA:1448,312
DA:1449,0
DA:1450,0
DA:1451,0
DA:1452,0
DA:1453,79
DA:1454,0
DA:1455,15
DA:1456,716
DA:1457,0
DA:1458,0
DA:1459,0
DA:1460,0
DA:1461,0
DA:1462,0
DA:1463,28
DA:1464,99
DA:1465,69
DA:1466,129
DA:1467,87
DA:1468,12
DA:1469,15
DA:1470,0
DA:1471,255
DA:1472,243
DA:1473,243
DA:1474,249
DA:1475,264
DA:1476,0
DA:1477,111
DA:1478,39
DA:1479,51
DA:1480,57
DA:1481,162
DA:1482,120
DA:1483,198
DA:1484,120
DA:1485,120
DA:1486,120
DA:1487,126
DA:1488,99
DA:1489,15
DA:1490,0
DA:1491,97
DA:1506,18
DA:1507,69
DA:1508,9
DA:1509,199
DA:1510,0
DA:1511,126
DA:1512,0
DA:1513,0
DA:1514,0
DA:1515,0
DA:1516,0
DA:1517,0
DA:1518,0
DA:1519,0
DA:1520,0
DA:1521,0
DA:1522,0
DA:1523,0
DA:1524,30
DA:1525,0
DA:1526,0
DA:1527,0
DA:1528,0
DA:1529,0
DA:1530,0
DA:1531,0
DA:1532,6
DA:1533,0
DA:1534,0
DA:1535,0
DA:1536,0
DA:1537,0
DA:1538,0
DA:1539,0
DA:1540,0
DA:1541,0
DA:1542,0
DA:1543,0
DA:1544,0
DA:1545,0
DA:1546,0
DA:1547,0
DA:1548,0
DA:1549,0
DA:1550,0
DA:1551,0
DA:1552,0
DA:1553,0
DA:1554,0
DA:1555,0
DA:1556,0
DA:1557,0
DA:1558,0
DA:1559,0
DA:1560,0
DA:1561,966
DA:1562,0
DA:1563,0
DA:1564,0
DA:1565,0
DA:1566,0
DA:1567,0
DA:1568,3765
DA:1569,0
DA:1570,0
DA:1571,0
DA:1572,0
DA:1573,0
DA:1574,0
DA:1575,0
DA:1576,0
DA:1577,0
DA:1578,0
DA:1579,0
DA:1580,0
DA:1581,0
DA:1582,0
DA:1583,0
DA:1584,0
DA:1585,0
DA:1586,0
DA:1587,0
DA:1588,0
DA:1589,0
DA:1590,0
DA:1591,0
DA:1592,0
DA:1593,0
DA:1594,0
DA:1595,0
DA:1596,0
DA:1597,9
DA:1598,0
DA:1599,36
DA:1600,99
DA:1601,135
DA:1602,147
DA:1603,48
DA:1604,99
DA:1605,108
DA:1606,126
DA:1607,144
DA:1608,96
DA:1609,133
DA:1610,17
DA:1611,3
DA:1612,9
DA:1613,7
DA:1627,156
DA:1629,18
DA:1630,21
DA:1631,69
DA:1632,9
DA:1633,199
DA:1634,0
DA:1635,126
DA:1636,0
DA:1637,0
DA:1638,0
DA:1639,0
DA:1640,0
DA:1641,0
DA:1642,0
DA:1643,0
DA:1644,0
DA:1645,0
DA:1646,0
DA:1647,0
DA:1648,30
DA:1649,0
DA:1650,0
DA:1651,0
DA:1652,0
DA:1653,0
DA:1654,0
DA:1655,0
DA:1656,0
DA:1657,0
DA:1658,0
DA:1659,0
DA:1660,0
DA:1661,0
DA:1662,0
DA:1663,0
DA:1664,0
DA:1665,0
DA:1666,0
DA:1667,0
DA:1668,6
DA:1669,0
DA:1670,0
DA:1671,675
DA:1672,0
DA:1673,0
DA:1674,0
DA:1675,0
DA:1676,0
DA:1677,0
DA:1678,0
DA:1679,183
DA:1680,1428
DA:1681,0
DA:1682,0
DA:1683,0
DA:1684,0
DA:1685,0
DA:1686,0
DA:1687,0
DA:1688,0
DA:1689,0
DA:1690,153
DA:1691,0
DA:1692,0
DA:1693,15
DA:1694,12
DA:1695,0
DA:1696,78
DA:1697,84
DA:1698,117
DA:1699,108
DA:1700,93
DA:1701,111
DA:1702,105
DA:1703,54
DA:1704,21
DA:1705,12
DA:1706,144
DA:1707,63
DA:1708,81
DA:1709,108
DA:1710,15
DA:1711,6
DA:1712,0
DA:1713,166
DA:1727,18
DA:1728,48
DA:1729,69
DA:1730,9
DA:1731,111
DA:1732,199
DA:1733,0
DA:1734,126
DA:1735,0
DA:1736,0
DA:1737,0
DA:1738,0
DA:1739,0
DA:1740,30
DA:1741,0
DA:1742,0
DA:1743,0
DA:1744,0
DA:1745,0
DA:1746,0
DA:1747,0
DA:1748,0
DA:1749,0
DA:1750,0
DA:1751,0
DA:1752,6
DA:1753,0
DA:1754,0
DA:1755,0
DA:1756,1860
DA:1757,0
DA:1758,0
DA:1759,0
DA:1760,0
DA:1761,0
DA:1762,0
DA:1763,0
DA:1764,0
DA:1765,0
DA:1766,0
DA:1767,252
DA:1768,0
DA:1769,0
DA:1770,0
DA:1771,15
DA:1772,12
DA:1773,0
DA:1774,36
DA:1775,93
DA:1776,105
DA:1777,141
DA:1778,141
DA:1779,48
DA:1780,57
DA:1781,42
DA:1782,216
DA:1783,207
DA:1784,3
DA:1785,9
DA:1786,7
DA:1793,24
DA:1794,0
DA:1795,0
DA:1796,0
DA:1797,0
DA:1798,6
DA:1799,88
DA:1800,88
DA:1801,0
DA:1802,60
DA:1803,38
DA:1804,4
DA:1805,26
DA:1806,20
DA:1807,4
DA:1808,46
DA:1809,22
DA:1810,142
DA:1811,128
DA:1812,99
DA:1813,51
DA:1814,13
DA:1815,17
DA:1816,0
DA:1817,4
DA:1818,110
DA:1819,30
LF:1381
LH:1028
end_of_record
TN:
SF:apps/api/src/lib/api-keys-mint.ts
FNF:11
FNH:11
BRF:0
BRH:0
DA:29,33
DA:34,48
DA:37,45
DA:42,50
DA:43,33
DA:50,13
DA:51,45
DA:52,59
DA:53,40
DA:54,42
DA:55,8
DA:59,6
DA:60,37
DA:61,42
DA:62,4
DA:63,25
DA:64,42
DA:65,9
DA:76,7
DA:80,3
DA:81,69
DA:82,44
DA:83,74
DA:84,39
DA:134,6
DA:135,5
DA:136,3
DA:137,65
DA:139,19
DA:140,77
DA:141,59
DA:142,63
DA:144,57
DA:145,34
DA:146,16
DA:147,38
DA:148,32
DA:149,23
DA:150,21
DA:151,8
DA:152,33
DA:153,7
DA:154,31
DA:155,15
DA:156,25
DA:157,16
DA:158,18
DA:159,38
DA:160,28
DA:161,23
DA:162,32
DA:163,19
DA:164,23
DA:165,25
DA:166,26
DA:167,5
DA:168,3
DA:169,4
DA:171,37
LF:59
LH:59
end_of_record
TN:
SF:apps/api/src/services/apple-iap.service.ts
FNF:24
FNH:19
BRF:0
BRH:0
DA:11,78
DA:12,104
DA:13,140
DA:14,78
DA:16,136
DA:17,150
DA:18,70
DA:19,82
DA:20,68
DA:22,44
DA:23,146
DA:24,142
DA:25,138
DA:26,134
DA:27,158
DA:28,150
DA:29,4
DA:31,40
DA:32,74
DA:64,16
DA:65,59
DA:66,23
DA:67,60
DA:68,2
DA:69,33
DA:70,32
DA:71,27
DA:72,34
DA:73,5
DA:74,57
DA:75,0
DA:76,0
DA:77,37
DA:78,43
DA:79,35
DA:80,11
DA:81,97
DA:82,32
DA:83,7
DA:84,28
DA:85,0
DA:86,0
DA:87,0
DA:88,52
DA:89,46
DA:90,51
DA:91,2
DA:92,11
DA:95,22
DA:96,35
DA:97,65
DA:98,26
DA:99,32
DA:102,25
DA:103,67
DA:106,19
DA:107,52
DA:108,0
DA:109,54
DA:110,60
DA:111,0
DA:112,0
DA:113,69
DA:114,49
DA:115,0
DA:116,2
DA:117,53
DA:118,17
DA:119,2
DA:120,36
DA:121,58
DA:122,15
DA:125,13
DA:126,0
DA:127,43
DA:149,14
DA:150,0
DA:151,81
DA:152,83
DA:153,2
DA:154,61
DA:155,80
DA:156,2
DA:157,48
DA:158,17
DA:159,68
DA:160,2
DA:161,0
DA:162,0
DA:163,12
DA:164,9
DA:165,58
DA:166,17
DA:167,77
DA:168,0
DA:169,28
DA:170,86
DA:171,2
DA:172,0
DA:173,0
DA:174,80
DA:175,82
DA:176,112
DA:177,2
DA:178,0
DA:179,0
DA:180,76
DA:181,58
DA:182,15
DA:183,73
DA:184,2
DA:185,0
DA:186,0
DA:187,32
DA:188,60
DA:189,59
DA:190,28
DA:191,76
DA:192,2
DA:193,2
DA:194,0
DA:195,92
DA:196,80
DA:197,84
DA:198,45
DA:199,61
DA:200,0
DA:201,0
DA:202,0
DA:203,0
DA:204,59
DA:205,0
DA:206,0
DA:207,59
DA:208,45
DA:209,15
DA:210,33
DA:211,29
DA:212,19
DA:213,30
DA:214,19
DA:215,15
DA:216,3
DA:217,5
DA:218,18
DA:219,12
DA:220,46
DA:221,37
DA:222,30
DA:223,52
DA:224,62
DA:225,19
DA:226,14
DA:227,15
DA:228,28
DA:229,32
DA:230,16
DA:231,58
DA:232,13
DA:233,26
DA:234,1
DA:235,2
DA:236,0
DA:237,41
DA:238,34
DA:239,35
DA:240,62
DA:241,26
DA:242,13
DA:243,11
DA:244,37
DA:245,36
DA:246,32
DA:247,19
DA:248,5
DA:249,0
DA:250,12
DA:251,13
DA:252,26
DA:253,30
DA:254,14
DA:255,56
DA:256,8
DA:257,3
DA:273,172
DA:275,42
DA:276,0
DA:277,0
DA:281,14
DA:282,108
DA:283,140
DA:284,80
DA:287,84
DA:288,144
DA:289,2
DA:299,28
DA:300,110
DA:301,248
DA:302,104
DA:303,154
DA:304,28
DA:305,4
DA:307,62
DA:308,125
DA:309,96
DA:311,26
DA:312,18
DA:313,129
DA:314,11
DA:315,66
DA:317,59
DA:318,85
DA:319,4
DA:320,50
DA:321,151
DA:322,150
DA:323,2
DA:326,12
DA:327,9
DA:328,75
DA:329,17
DA:330,66
DA:334,0
DA:335,0
DA:336,0
DA:337,0
DA:338,0
DA:342,0
DA:343,0
DA:344,0
DA:345,0
DA:348,0
DA:349,0
DA:350,0
DA:351,0
DA:352,0
DA:355,0
DA:356,0
DA:357,0
DA:358,0
DA:359,0
DA:360,0
DA:361,0
DA:362,0
DA:363,0
DA:365,0
DA:366,0
DA:367,0
DA:368,2
DA:390,46
DA:393,28
DA:394,18
DA:395,93
DA:396,17
DA:397,70
DA:398,59
DA:401,104
DA:402,106
DA:403,110
DA:404,120
DA:406,18
DA:407,18
DA:408,73
DA:409,17
DA:410,92
DA:411,77
DA:414,96
DA:415,125
DA:417,86
DA:418,206
DA:419,33
DA:423,83
DA:424,4
DA:431,139
DA:432,56
DA:433,23
DA:434,19
DA:435,53
DA:436,48
DA:437,7
DA:438,79
DA:439,4
DA:441,163
DA:444,106
DA:445,82
DA:446,46
DA:447,22
DA:448,131
DA:449,19
DA:450,120
DA:452,132
DA:453,108
DA:454,4
DA:455,4
DA:458,62
DA:459,65
DA:460,18
DA:461,17
DA:462,15
DA:463,26
DA:464,10
DA:465,31
DA:466,26
DA:467,26
DA:468,15
DA:469,42
DA:470,40
DA:471,46
DA:472,128
DA:473,20
DA:474,72
DA:475,64
DA:477,24
DA:480,67
DA:481,9
DA:486,72
DA:487,118
DA:489,76
DA:490,92
DA:491,26
DA:492,26
DA:493,68
DA:494,54
DA:495,144
DA:496,6
DA:497,10
DA:499,108
DA:507,18
DA:508,18
DA:509,66
DA:510,82
DA:511,126
DA:512,144
DA:513,134
DA:514,47
DA:515,11
DA:516,11
LF:337
LH:280
end_of_record
TN:
SF:apps/api/src/lib/crypto-util.ts
FNF:7
FNH:7
BRF:0
BRH:0
DA:20,460
DA:38,90
DA:39,216
DA:40,216
DA:41,222
DA:42,190
DA:50,75
DA:51,191
DA:52,45
DA:53,140
DA:54,0
DA:55,10
DA:77,440
DA:78,180
DA:79,110
DA:80,200
DA:81,260
DA:82,240
DA:83,230
DA:84,140
DA:85,180
DA:86,30
DA:88,12
DA:89,18
DA:90,42
DA:91,6
DA:92,54
DA:93,52
DA:94,150
DA:95,8
DA:96,34
DA:97,74
DA:98,108
DA:99,74
DA:100,60
DA:101,80
DA:102,26
DA:103,52
DA:104,0
DA:105,0
DA:106,72
DA:107,102
DA:108,22
DA:109,130
DA:110,0
DA:111,30
DA:119,32
DA:120,64
DA:121,54
DA:122,66
DA:123,60
LF:51
LH:47
end_of_record
TN:
SF:apps/api/src/lib/runtime-token.ts
FNF:6
FNH:6
BRF:0
BRH:0
DA:52,205
DA:53,230
DA:55,30
DA:56,75
DA:57,155
DA:58,170
DA:59,175
DA:60,141
DA:62,136
DA:63,32
DA:64,192
DA:66,2
DA:67,6
DA:69,137
DA:78,240
DA:81,120
DA:82,180
DA:91,75
DA:92,240
DA:93,180
DA:94,70
DA:110,100
DA:111,90
DA:112,225
DA:113,10
DA:114,425
DA:125,60
DA:126,144
DA:127,93
DA:128,44
DA:144,80
DA:145,102
DA:147,255
DA:148,305
DA:150,253
DA:151,215
DA:152,229
DA:153,250
DA:154,238
DA:155,220
DA:156,120
DA:157,200
DA:158,8
DA:161,132
DA:162,160
DA:163,8
DA:165,49
DA:190,30
DA:191,35
DA:192,95
DA:193,15
DA:194,203
DA:196,210
DA:197,288
DA:199,96
DA:200,296
DA:201,245
DA:203,236
DA:204,192
DA:205,160
DA:206,8
DA:208,280
LF:62
LH:62
end_of_record
TN:
SF:apps/api/src/middleware/auth.ts
FNF:15
FNH:15
BRF:0
BRH:0
DA:31,31
DA:32,39
DA:33,51
DA:34,58
DA:98,17
DA:100,51
DA:101,52
DA:102,11
DA:103,62
DA:104,20
DA:105,25
DA:106,32
DA:107,42
DA:108,32
DA:109,21
DA:110,11
DA:111,21
DA:112,6
DA:113,5
DA:114,9
DA:115,2
DA:137,21
DA:138,36
DA:139,81
DA:140,21
DA:141,12
DA:142,22
DA:148,32
DA:149,70
DA:150,11
DA:151,81
DA:152,25
DA:153,51
DA:161,59
DA:162,41
DA:163,21
DA:164,30
DA:165,24
DA:166,39
DA:167,44
DA:168,39
DA:169,19
DA:170,14
DA:171,26
DA:172,25
DA:173,28
DA:174,43
DA:175,48
DA:176,43
DA:177,23
DA:178,15
DA:179,13
DA:180,11
DA:181,9
DA:182,11
DA:183,20
DA:184,31
DA:185,46
DA:186,38
DA:187,27
DA:188,32
DA:189,45
DA:190,39
DA:191,34
DA:192,29
DA:193,13
DA:194,23
DA:195,6
DA:196,8
DA:197,28
DA:202,0
DA:203,0
DA:204,0
DA:205,0
DA:206,6
DA:207,4
DA:208,0
DA:215,0
DA:216,0
DA:217,0
DA:218,0
DA:219,0
DA:220,0
DA:221,2
DA:223,2
DA:233,61
DA:234,22
DA:235,21
DA:236,27
DA:237,62
DA:238,60
DA:239,28
DA:240,32
DA:241,17
DA:242,7
DA:243,17
DA:244,6
DA:245,2
DA:248,9
DA:249,49
DA:250,30
DA:251,7
DA:253,25
DA:254,23
DA:255,32
DA:256,34
DA:257,45
DA:258,30
DA:259,20
DA:260,7
DA:261,13
DA:262,23
DA:263,28
DA:264,10
DA:266,19
DA:267,67
DA:268,21
DA:269,29
DA:270,19
DA:271,7
DA:274,15
DA:287,26
DA:288,15
DA:289,16
DA:290,17
DA:291,16
DA:292,19
DA:293,23
DA:294,23
DA:295,19
DA:296,16
DA:297,13
DA:298,16
DA:299,27
DA:313,18
DA:314,2
DA:316,17
DA:317,29
DA:319,48
DA:320,45
DA:321,57
DA:322,13
DA:323,4
DA:324,27
DA:325,14
DA:326,93
DA:327,3
DA:328,1
DA:329,4
DA:330,14
DA:331,73
DA:332,3
DA:333,1
DA:334,2
DA:336,15
DA:345,15
DA:346,49
DA:348,23
DA:349,31
DA:351,34
DA:352,14
DA:353,73
DA:354,3
DA:355,1
DA:356,4
DA:362,17
DA:376,17
DA:377,29
DA:378,30
DA:379,17
DA:380,14
DA:381,73
DA:382,3
DA:383,1
DA:384,2
DA:388,35
DA:389,17
DA:390,6
DA:391,2
DA:393,45
DA:394,20
DA:395,14
DA:396,71
DA:397,3
DA:398,1
DA:399,2
DA:402,38
DA:403,40
DA:404,19
DA:405,6
DA:406,4
DA:407,14
DA:408,75
DA:409,3
DA:410,1
DA:411,2
DA:417,47
DA:418,26
DA:419,24
DA:420,5
DA:421,38
DA:422,17
DA:423,6
DA:424,2
DA:426,53
DA:427,29
DA:428,31
DA:429,5
DA:430,18
DA:431,14
DA:432,64
DA:433,3
DA:434,1
DA:435,2
DA:437,50
DA:438,53
DA:439,5
DA:440,17
DA:441,14
DA:442,76
DA:443,3
DA:444,1
DA:445,2
DA:447,15
DA:458,58
DA:459,23
DA:460,3
DA:462,15
DA:463,50
DA:483,17
DA:484,32
DA:485,54
DA:486,30
DA:487,14
DA:488,93
DA:489,3
DA:490,1
DA:491,4
DA:492,14
DA:493,83
DA:494,3
DA:495,1
DA:496,2
DA:497,15
DA:519,6
DA:520,3
DA:521,10
DA:522,3
DA:523,32
DA:524,54
DA:525,14
DA:526,16
DA:527,18
DA:528,27
DA:529,38
DA:530,1
DA:531,2
DA:532,53
DA:533,14
DA:534,16
DA:535,18
DA:536,26
DA:537,36
DA:538,1
DA:539,2
DA:541,53
DA:542,29
DA:543,41
DA:544,5
DA:545,18
DA:546,14
DA:547,16
DA:548,18
DA:549,24
DA:550,32
DA:551,1
DA:552,2
DA:554,34
DA:555,79
DA:556,16
DA:557,18
DA:558,20
DA:559,26
DA:560,59
DA:561,1
DA:562,4
DA:563,76
DA:564,2
DA:566,40
DA:571,44
DA:572,16
DA:573,18
DA:574,20
DA:575,26
DA:576,45
DA:577,1
DA:578,4
DA:579,76
DA:580,2
DA:582,37
DA:583,76
DA:584,2
DA:587,50
DA:588,72
DA:589,22
DA:590,5
DA:591,17
DA:592,14
DA:593,16
DA:594,18
DA:595,24
DA:596,44
DA:597,1
DA:598,2
DA:599,76
LF:315
LH:304
end_of_record
TN:
SF:apps/api/src/lib/base-heartbeat-scheduler.ts
FNF:29
FNH:28
BRF:0
BRH:0
DA:15,1008
DA:17,312
DA:21,384
DA:22,276
DA:23,600
DA:25,225
DA:26,666
DA:43,6
DA:45,642
DA:47,282
DA:48,960
DA:49,216
DA:50,900
DA:51,768
DA:52,480
DA:54,446
DA:55,112
DA:56,1152
DA:57,48
DA:58,54
DA:61,230
DA:62,398
DA:65,135
DA:66,282
DA:67,198
DA:68,384
DA:71,96
DA:72,152
DA:73,516
DA:74,656
DA:75,36
DA:76,136
DA:78,12
DA:119,456
DA:120,180
DA:121,300
DA:122,216
DA:123,204
DA:124,120
DA:125,108
DA:128,228
DA:129,240
DA:130,240
DA:131,300
DA:132,204
DA:133,252
DA:134,216
DA:135,258
DA:137,234
DA:138,300
DA:139,585
DA:140,0
DA:141,0
DA:142,110
DA:143,324
DA:144,240
DA:145,300
DA:146,0
DA:147,120
DA:148,1140
DA:149,60
DA:150,0
DA:151,75
DA:152,88
DA:153,71
DA:154,151
DA:155,61
DA:156,354
DA:159,80
DA:160,200
DA:161,180
DA:162,256
DA:163,176
DA:164,36
DA:165,544
DA:168,63
DA:169,192
DA:170,138
DA:171,771
DA:174,66
DA:175,198
DA:176,144
DA:177,492
DA:180,48
DA:181,186
DA:184,50
DA:185,194
DA:188,72
DA:189,84
DA:190,168
DA:191,156
DA:192,192
DA:193,204
DA:194,240
DA:195,300
DA:196,204
DA:197,252
DA:198,216
DA:199,264
DA:200,294
DA:201,234
DA:202,318
DA:203,216
DA:204,51
DA:207,102
DA:208,216
DA:209,0
DA:210,0
DA:211,0
DA:212,0
DA:213,0
DA:214,0
DA:215,0
DA:216,132
DA:217,66
DA:218,246
DA:219,138
DA:220,114
DA:221,579
DA:226,141
DA:227,261
DA:228,0
DA:229,0
DA:230,60
DA:231,336
DA:232,186
DA:233,0
DA:234,66
DA:235,207
DA:236,42
DA:237,237
DA:238,0
DA:239,0
DA:240,0
DA:241,0
DA:242,0
DA:243,0
DA:244,0
DA:245,69
DA:246,235
DA:247,0
DA:248,0
DA:249,112
DA:250,244
DA:251,0
DA:252,264
DA:253,384
DA:254,400
DA:255,0
DA:256,176
DA:257,248
DA:258,336
DA:259,0
DA:260,276
DA:261,440
DA:262,68
DA:263,32
DA:264,0
DA:265,623
DA:266,0
DA:267,168
DA:268,0
DA:269,263
DA:270,477
DA:271,0
DA:272,420
DA:273,0
DA:274,858
DA:275,217
DA:276,259
DA:277,301
DA:278,238
DA:279,133
DA:280,623
DA:281,63
DA:282,77
DA:283,84
DA:284,46
DA:285,0
DA:286,287
DA:287,224
DA:288,119
DA:289,609
DA:290,49
DA:291,63
DA:292,0
DA:293,378
DA:294,32
DA:295,0
DA:296,273
DA:297,487
DA:301,180
DA:307,260
DA:308,288
DA:315,272
DA:316,228
DA:331,12
LF:197
LH:163
end_of_record
TN:
SF:apps/api/src/lib/runtime/build-project-env.ts
FNF:2
FNH:2
BRF:0
BRH:0
DA:10,55
DA:11,61
DA:17,6
DA:18,11
DA:19,5
DA:20,3
DA:21,54
DA:22,31
DA:23,17
DA:24,23
DA:25,4
DA:27,32
DA:28,9
DA:29,49
DA:30,55
DA:31,31
DA:32,17
DA:33,26
DA:34,19
DA:35,23
DA:36,28
DA:37,52
DA:38,5
DA:39,7
DA:46,19
DA:47,75
DA:52,59
DA:58,69
DA:59,56
DA:60,6
DA:65,53
DA:66,96
DA:68,40
DA:71,48
DA:72,36
DA:73,6
DA:81,58
DA:82,35
DA:83,48
DA:84,6
DA:86,80
DA:87,65
DA:88,46
DA:89,11
DA:90,36
DA:91,13
DA:92,9
DA:93,6
DA:94,3
DA:95,17
DA:96,95
DA:98,75
DA:106,86
DA:107,58
DA:108,52
DA:114,42
DA:115,14
DA:116,12
DA:117,49
DA:118,11
DA:119,51
DA:120,56
DA:121,45
DA:123,44
DA:124,58
DA:125,48
DA:131,30
DA:134,49
DA:135,74
DA:136,83
DA:138,42
DA:139,64
DA:140,57
DA:141,34
DA:142,35
DA:143,78
DA:144,86
DA:145,2
DA:154,81
DA:155,19
DA:156,35
DA:157,2
DA:167,56
DA:168,20
DA:169,42
DA:170,2
DA:172,80
DA:173,10
LF:88
LH:88
end_of_record
TN:
SF:apps/api/src/lib/bundle-crypto.ts
FNF:9
FNH:9
BRF:0
BRH:0
DA:19,80
DA:23,56
DA:24,60
DA:25,50
DA:26,40
DA:27,36
DA:33,62
DA:35,22
DA:36,88
DA:39,18
DA:40,98
DA:43,42
DA:44,78
DA:45,14
DA:46,76
DA:47,20
DA:48,14
DA:49,26
DA:50,8
DA:51,48
DA:52,142
DA:53,18
DA:54,86
DA:55,14
DA:56,44
DA:57,4
DA:73,12
DA:74,18
DA:75,22
DA:76,6
DA:77,92
DA:78,120
DA:79,4
DA:80,134
DA:81,126
DA:82,96
DA:83,140
DA:84,156
DA:85,24
DA:86,46
DA:87,50
DA:88,48
DA:89,54
DA:90,46
DA:91,78
DA:92,4
DA:99,12
DA:100,12
DA:101,22
DA:102,6
DA:103,154
DA:104,110
DA:105,4
DA:106,74
DA:107,66
DA:108,66
DA:113,166
DA:114,78
DA:115,14
DA:116,76
DA:117,20
DA:118,14
DA:119,26
DA:120,8
DA:121,70
DA:122,128
DA:123,18
DA:124,86
DA:125,14
DA:126,22
DA:127,8
DA:128,24
DA:129,18
DA:130,132
DA:131,22
DA:133,148
DA:135,94
DA:136,48
DA:153,30
DA:154,34
DA:155,86
DA:156,62
DA:157,94
DA:158,122
DA:159,16
DA:160,8
DA:161,78
DA:162,44
DA:163,122
DA:164,16
DA:165,8
DA:166,94
DA:167,96
DA:169,8
DA:170,96
DA:171,90
DA:172,14
DA:173,62
DA:174,8
DA:175,100
DA:176,4
DA:177,20
LF:102
LH:102
end_of_record
TN:
SF:apps/api/src/lib/cloud-key-wipe.ts
FNF:7
FNH:7
BRF:0
BRH:0
DA:8,68
DA:10,58
DA:12,38
DA:13,40
DA:21,32
DA:22,95
DA:24,77
DA:25,148
DA:27,26
DA:28,254
DA:30,8
DA:32,50
DA:33,42
DA:34,22
DA:35,54
DA:36,40
DA:37,96
DA:38,25
DA:39,86
DA:40,20
DA:41,40
DA:42,98
DA:43,25
DA:44,87
DA:45,14
DA:46,18
DA:47,78
DA:50,26
DA:51,108
DA:52,63
DA:53,21
DA:54,101
DA:56,14
DA:57,60
DA:58,50
DA:60,8
DA:62,34
DA:63,46
DA:67,50
DA:68,16
DA:69,38
DA:70,38
DA:72,2
LF:43
LH:43
end_of_record
TN:
SF:apps/api/src/lib/cloud-urls.ts
FNF:2
FNH:2
BRF:0
BRH:0
DA:33,92
DA:40,11
DA:41,58
DA:51,11
DA:52,29
DA:53,26
DA:54,2
DA:55,53
DA:56,24
DA:57,61
DA:58,23
DA:59,18
DA:60,2
DA:61,2
DA:62,65
DA:63,37
LF:16
LH:16
end_of_record
TN:
SF:apps/api/src/lib/cloudflare-dns.ts
FNF:14
FNH:14
BRF:0
BRH:0
DA:24,118
DA:36,34
DA:42,22
DA:43,91
DA:45,88
DA:46,80
DA:47,82
DA:49,78
DA:50,48
DA:51,22
DA:52,4
DA:54,40
DA:55,26
DA:56,22
DA:57,18
DA:58,146
DA:59,8
DA:60,40
DA:64,22
DA:65,52
DA:82,2
DA:83,10
DA:84,12
DA:85,10
DA:86,6
DA:87,100
DA:88,166
DA:89,18
DA:90,32
DA:91,92
DA:92,88
DA:93,46
DA:94,6
DA:95,10
DA:96,64
DA:97,22
DA:100,2
DA:101,10
DA:102,18
DA:103,6
DA:104,52
DA:105,10
DA:106,156
DA:107,8
DA:108,44
DA:109,32
DA:110,186
DA:111,2
DA:112,4
DA:113,62
DA:124,36
DA:125,78
DA:126,40
DA:128,18
DA:129,106
DA:131,40
DA:132,144
DA:134,12
DA:135,12
DA:136,52
DA:137,10
DA:138,102
DA:139,18
DA:140,48
DA:141,128
DA:142,2
DA:143,16
DA:144,43
DA:145,16
DA:146,56
DA:147,1
DA:148,12
DA:149,24
DA:150,126
DA:151,16
DA:152,12
DA:153,8
DA:155,52
DA:156,10
DA:157,72
DA:158,14
DA:159,42
DA:160,60
DA:161,36
DA:162,46
DA:163,52
DA:164,44
DA:165,30
DA:166,52
DA:167,12
DA:168,2
DA:169,12
DA:170,41
DA:171,73
DA:172,8
DA:173,160
DA:174,34
DA:175,180
DA:184,36
DA:185,78
DA:186,40
DA:188,18
DA:189,106
DA:190,58
DA:192,52
DA:193,10
DA:194,102
DA:195,40
DA:196,12
DA:197,48
DA:198,146
DA:199,8
DA:200,110
DA:201,34
DA:202,178
LF:115
LH:115
end_of_record
TN:
SF:apps/api/src/lib/usage-cost.ts
FNF:5
FNH:1
BRF:0
BRH:0
DA:15,25
DA:16,142
DA:27,51
DA:30,37
DA:35,48
DA:40,0
DA:41,0
DA:42,0
DA:43,0
DA:44,0
DA:45,0
DA:46,0
DA:47,1
DA:53,21
DA:54,51
DA:55,51
DA:56,0
DA:59,0
DA:60,0
DA:61,0
DA:62,0
DA:63,0
DA:64,0
DA:65,0
DA:66,0
DA:67,0
DA:68,0
DA:69,1
DA:86,0
DA:87,0
DA:88,0
DA:89,0
DA:90,0
DA:91,0
DA:92,0
DA:93,0
DA:94,0
DA:95,0
DA:96,0
DA:97,0
DA:98,0
DA:99,0
DA:100,0
DA:101,0
DA:102,1
DA:113,34
DA:114,72
DA:115,70
DA:116,77
DA:117,79
DA:118,71
DA:119,78
DA:120,75
DA:121,2
DA:123,88
DA:128,0
DA:129,0
DA:130,0
DA:131,0
DA:132,0
DA:133,0
DA:134,0
DA:135,0
DA:136,0
DA:137,0
DA:138,0
DA:139,0
DA:140,0
DA:141,0
DA:142,0
DA:143,0
LF:71
LH:21
end_of_record
TN:
SF:apps/api/src/services/cost-analytics.service.ts
FNF:94
FNH:90
BRF:0
BRH:0
DA:21,47
DA:22,104
DA:28,54
DA:36,61
DA:38,16
DA:39,41
DA:109,12
DA:110,23
DA:111,25
DA:112,58
DA:113,60
DA:114,60
DA:115,55
DA:119,12
DA:120,25
DA:121,24
DA:122,26
DA:123,26
DA:124,22
DA:128,29
DA:129,20
DA:130,11
DA:131,20
DA:132,24
DA:133,33
DA:134,20
DA:135,12
DA:136,21
DA:137,25
DA:138,10
DA:139,19
DA:140,21
DA:141,2
DA:143,51
DA:144,12
DA:145,20
DA:146,18
DA:147,12
DA:148,15
DA:149,16
DA:150,12
DA:151,10
DA:152,9
DA:153,2
DA:155,15
DA:156,92
DA:157,21
DA:158,31
DA:159,38
DA:160,41
DA:161,28
DA:162,31
DA:163,30
DA:164,32
DA:165,4
DA:166,53
DA:167,57
DA:168,152
DA:169,2
DA:170,15
DA:173,11
DA:174,69
DA:175,21
DA:176,34
DA:177,41
DA:178,38
DA:179,45
DA:180,36
DA:181,40
DA:182,4
DA:183,56
DA:186,11
DA:187,55
DA:188,49
DA:189,76
DA:192,10
DA:193,18
DA:194,5
DA:195,35
DA:196,5
DA:197,34
DA:198,1
DA:209,6
DA:210,13
DA:211,16
DA:212,10
DA:213,3
DA:214,37
DA:215,19
DA:216,16
DA:217,33
DA:218,29
DA:219,4
DA:223,58
DA:224,31
DA:225,10
DA:226,13
DA:227,24
DA:228,25
DA:229,30
DA:230,22
DA:231,23
DA:232,20
DA:233,6
DA:234,24
DA:235,5
DA:239,91
DA:240,37
DA:249,764
DA:266,41
DA:267,14
DA:268,50
DA:270,4
DA:272,40
DA:273,80
DA:275,41
DA:276,36
DA:277,59
DA:278,62
DA:279,62
DA:280,52
DA:281,54
DA:282,48
DA:283,56
DA:285,53
DA:286,55
DA:287,65
DA:288,49
DA:289,51
DA:290,51
DA:292,14
DA:293,29
DA:294,21
DA:295,16
DA:296,23
DA:297,23
DA:298,18
DA:299,19
DA:300,16
DA:301,20
DA:302,23
DA:303,24
DA:304,29
DA:305,21
DA:306,22
DA:307,22
DA:308,87
DA:309,74
DA:310,93
DA:311,82
DA:312,83
DA:313,1
DA:314,56
DA:316,20
DA:317,72
DA:318,60
DA:319,74
DA:320,76
DA:321,70
DA:322,64
DA:323,57
DA:324,4
DA:326,29
DA:333,36
DA:335,14
DA:337,37
DA:339,36
DA:341,35
DA:343,22
DA:344,2
DA:346,6
DA:347,13
DA:348,15
DA:349,3
DA:350,73
DA:351,29
DA:352,44
DA:354,35
DA:355,73
DA:357,61
DA:358,72
DA:359,66
DA:360,28
DA:361,28
DA:362,51
DA:363,43
DA:364,36
DA:365,34
DA:366,6
DA:370,24
DA:371,88
DA:372,82
DA:373,29
DA:375,47
DA:376,74
DA:378,44
DA:379,76
DA:380,95
DA:382,91
DA:384,92
DA:385,88
DA:387,74
DA:389,32
DA:390,37
DA:391,36
DA:392,38
DA:393,17
DA:394,50
DA:395,50
DA:396,58
DA:397,66
DA:398,74
DA:399,9
DA:400,4
DA:401,4
DA:404,89
DA:405,23
DA:406,74
DA:408,44
DA:409,32
DA:410,37
DA:411,36
DA:412,38
DA:413,265
DA:414,39
DA:415,78
DA:416,53
DA:417,66
DA:418,30
DA:419,9
DA:420,4
DA:421,4
DA:424,121
DA:425,80
DA:426,30
DA:427,35
DA:428,34
DA:429,38
DA:430,180
DA:431,36
DA:432,35
DA:433,29
DA:434,30
DA:435,28
DA:436,7
DA:437,2
DA:438,2
DA:440,90
DA:443,1
DA:444,7
DA:445,12
DA:446,3
DA:447,89
DA:448,44
DA:449,0
DA:452,1
DA:453,7
DA:454,11
DA:455,12
DA:456,3
DA:457,19
DA:458,30
DA:459,48
DA:460,4
DA:461,73
DA:462,37
DA:463,32
DA:464,31
DA:466,145
DA:467,20
DA:468,116
DA:469,2
DA:470,13
DA:474,1
DA:475,11
DA:476,7
DA:477,12
DA:478,3
DA:479,9
DA:483,80
DA:484,16
DA:485,20
DA:486,18
DA:487,11
DA:488,8
DA:489,34
DA:490,6
DA:491,102
DA:493,62
DA:494,16
DA:495,18
DA:496,14
DA:497,23
DA:498,8
DA:499,34
DA:500,7
DA:501,22
DA:502,67
DA:503,11
DA:504,12
DA:512,22
DA:513,40
DA:514,27
DA:515,32
DA:516,3
DA:519,67
DA:521,16
DA:522,44
DA:525,6
DA:526,13
DA:527,6
DA:535,3
DA:539,50
DA:540,37
DA:541,99
DA:542,2
DA:543,38
DA:544,13
DA:545,18
DA:546,22
DA:547,36
DA:548,17
DA:549,47
DA:550,52
DA:551,41
DA:552,3
DA:553,3
DA:556,6
DA:557,4
DA:558,13
DA:559,6
DA:568,3
DA:569,75
DA:570,104
DA:571,0
DA:572,0
DA:573,0
DA:574,0
DA:575,1
DA:578,26
DA:579,65
DA:593,21
DA:594,54
DA:595,39
DA:596,5
DA:598,38
DA:600,19
DA:602,32
DA:603,57
DA:605,61
DA:606,62
DA:607,30
DA:608,7
DA:610,53
DA:611,81
DA:612,20
DA:613,16
DA:614,21
DA:615,25
DA:616,39
DA:617,41
DA:618,44
DA:619,8
DA:620,57
DA:621,15
DA:622,6
DA:623,21
DA:625,29
DA:628,22
DA:629,23
DA:630,69
DA:631,27
DA:632,43
DA:633,34
DA:634,43
DA:635,9
DA:636,4
DA:637,2
DA:638,2
DA:640,13
DA:643,21
DA:644,55
DA:645,52
DA:653,6
DA:654,10
DA:655,3
DA:656,30
DA:657,83
DA:658,30
DA:659,2
DA:660,2
DA:661,12
DA:668,0
DA:669,0
DA:673,16
DA:674,23
DA:675,24
DA:676,0
DA:677,0
DA:678,0
DA:679,0
DA:680,0
DA:681,0
DA:682,0
DA:683,5
DA:684,27
DA:686,54
DA:705,6
DA:706,13
DA:707,16
DA:708,10
DA:709,3
DA:710,37
DA:711,49
DA:716,59
DA:717,26
DA:718,2
DA:719,44
DA:721,65
DA:723,193
DA:728,41
DA:729,14
DA:730,58
DA:733,4
DA:735,25
DA:736,26
DA:737,73
DA:738,38
DA:739,37
DA:740,37
DA:741,13
DA:742,0
DA:743,0
DA:744,0
DA:745,13
DA:746,91
DA:748,2
DA:750,37
DA:751,27
DA:752,9
DA:753,54
DA:754,30
DA:755,35
DA:756,55
DA:757,4
DA:758,28
DA:759,74
DA:760,3
DA:761,3
DA:762,45
DA:764,52
DA:767,12
DA:768,27
DA:769,36
DA:770,57
DA:771,4
DA:772,14
DA:773,55
DA:774,22
DA:775,20
DA:776,1
DA:777,2
DA:779,44
DA:780,41
DA:781,39
DA:783,83
DA:784,86
DA:786,36
DA:787,51
DA:788,2
DA:790,12
DA:791,46
DA:792,0
DA:793,2
DA:795,12
DA:796,54
DA:797,10
DA:798,15
DA:799,2
DA:812,6
DA:813,13
DA:814,6
DA:827,3
DA:828,65
DA:829,55
DA:830,55
DA:831,27
DA:832,62
DA:833,2
DA:834,41
DA:835,64
DA:836,6
DA:837,42
DA:838,13
DA:839,18
DA:840,40
DA:841,22
DA:842,16
DA:843,13
DA:844,13
DA:845,50
DA:846,39
DA:847,17
DA:848,3
DA:849,3
DA:857,6
DA:858,13
DA:859,6
DA:868,3
DA:869,42
DA:870,90
DA:871,30
DA:872,24
DA:873,24
DA:874,30
DA:875,48
DA:876,42
DA:877,18
DA:878,3
DA:881,21
DA:882,9
DA:883,52
DA:884,29
DA:885,34
DA:886,3
DA:887,19
DA:888,53
DA:889,1
DA:893,26
DA:894,45
DA:895,28
DA:896,3
DA:899,26
DA:900,42
DA:901,31
DA:902,31
DA:903,3
DA:909,6
DA:910,13
DA:911,11
DA:912,3
DA:913,45
DA:914,14
DA:915,18
DA:916,16
DA:917,41
DA:918,3
DA:919,3
DA:922,6
DA:923,13
DA:924,11
DA:928,10
DA:929,3
DA:930,79
DA:931,32
DA:933,11
DA:934,19
DA:936,23
DA:937,48
DA:938,35
DA:939,31
DA:940,4
DA:941,34
DA:942,42
DA:943,11
DA:944,68
DA:945,24
DA:946,48
DA:947,4
DA:950,12
DA:951,32
DA:952,34
DA:953,19
DA:954,2
DA:970,6
DA:971,14
DA:972,9
DA:973,7
DA:974,3
DA:975,43
DA:977,39
DA:978,43
DA:979,41
DA:980,45
DA:982,25
DA:983,162
DA:986,65
DA:987,71
DA:988,137
DA:989,135
DA:990,56
DA:991,57
DA:992,56
DA:993,63
DA:995,56
DA:996,4
DA:997,11
DA:998,162
DA:1001,65
DA:1002,71
DA:1003,137
DA:1004,135
DA:1005,56
DA:1006,57
DA:1007,56
DA:1008,63
DA:1010,56
DA:1011,6
DA:1030,35
DA:1031,56
DA:1032,42
DA:1033,5
DA:1034,25
DA:1036,59
DA:1037,15
DA:1038,25
DA:1039,25
DA:1040,34
DA:1041,59
DA:1042,54
DA:1043,55
DA:1044,56
DA:1045,70
DA:1046,33
DA:1047,4
DA:1048,15
DA:1049,25
DA:1050,25
DA:1051,34
DA:1052,59
DA:1053,54
DA:1054,55
DA:1055,56
DA:1056,70
DA:1057,33
DA:1058,4
DA:1060,22
DA:1061,36
DA:1062,31
DA:1063,21
DA:1065,30
DA:1066,76
DA:1067,11
DA:1068,27
DA:1069,44
DA:1070,28
DA:1071,33
DA:1072,21
DA:1073,43
DA:1074,32
DA:1076,67
DA:1077,20
DA:1078,13
DA:1079,145
DA:1080,6
DA:1081,30
DA:1082,20
DA:1083,13
DA:1084,83
DA:1085,6
DA:1086,74
DA:1087,20
DA:1088,73
DA:1089,13
DA:1090,22
DA:1091,89
DA:1095,12
DA:1096,20
DA:1097,6
DA:1098,6
DA:1099,12
DA:1100,9
DA:1101,1
DA:1109,11
DA:1110,27
DA:1111,47
DA:1112,7
DA:1113,20
DA:1114,20
DA:1115,38
DA:1116,33
DA:1120,6
DA:1121,35
DA:1124,6
DA:1125,27
DA:1143,6
DA:1144,13
DA:1145,11
DA:1146,10
DA:1147,3
DA:1148,47
DA:1149,20
DA:1151,19
DA:1152,57
DA:1153,48
DA:1154,7
DA:1155,27
DA:1156,94
DA:1157,2
DA:1158,2
DA:1159,50
DA:1160,52
DA:1161,5
DA:1162,20
DA:1163,86
DA:1164,2
DA:1165,12
DA:1168,21
DA:1169,47
DA:1170,20
DA:1172,9
DA:1173,39
DA:1174,29
DA:1175,57
DA:1176,3
DA:1177,19
DA:1178,53
DA:1179,1
DA:1183,6
DA:1184,13
DA:1185,5
DA:1192,3
DA:1193,47
DA:1194,20
DA:1195,40
DA:1196,91
DA:1197,2
DA:1202,43
DA:1203,48
DA:1204,62
DA:1205,5
DA:1206,18
DA:1207,31
DA:1208,33
DA:1209,15
DA:1210,26
DA:1211,40
DA:1212,39
DA:1213,5
DA:1214,2
DA:1215,2
DA:1216,29
DA:1217,13
DA:1218,18
DA:1219,16
DA:1220,32
DA:1221,24
DA:1222,38
DA:1223,37
DA:1224,3
DA:1225,3
DA:1228,6
DA:1229,13
DA:1230,11
DA:1231,10
DA:1232,3
DA:1233,47
DA:1234,20
DA:1236,46
DA:1237,65
DA:1238,5
DA:1239,28
DA:1240,54
DA:1247,11
DA:1252,3
DA:1253,42
DA:1254,19
DA:1256,9
DA:1257,38
DA:1258,16
DA:1259,41
DA:1260,60
DA:1261,74
DA:1262,62
DA:1263,8
DA:1264,58
DA:1265,3
DA:1266,19
DA:1267,53
DA:1268,1
DA:1272,6
DA:1273,13
DA:1274,5
DA:1284,3
DA:1285,42
DA:1286,19
DA:1288,21
DA:1289,16
DA:1290,38
DA:1291,37
DA:1292,27
DA:1293,50
DA:1294,28
DA:1295,34
DA:1296,35
DA:1297,4
DA:1299,17
DA:1300,87
DA:1301,34
DA:1302,30
DA:1303,33
DA:1304,15
DA:1305,37
DA:1306,37
DA:1307,27
DA:1308,41
DA:1309,35
DA:1310,30
DA:1311,5
DA:1312,2
DA:1313,2
DA:1315,42
DA:1318,25
DA:1319,42
DA:1320,19
DA:1322,76
DA:1323,30
DA:1324,55
DA:1327,12
DA:1339,3
DA:1340,74
DA:1341,42
DA:1342,13
DA:1343,44
DA:1344,32
DA:1345,24
DA:1346,38
DA:1347,24
DA:1348,34
DA:1349,36
DA:1350,15
DA:1351,45
DA:1352,45
DA:1353,40
DA:1354,39
DA:1355,3
DA:1356,3
DA:1359,12
DA:1363,3
DA:1364,44
DA:1365,17
DA:1366,29
DA:1367,18
DA:1368,68
DA:1369,24
DA:1370,6
DA:1371,35
DA:1372,24
DA:1373,3
DA:1435,6
DA:1436,12
DA:1437,3
DA:1438,64
DA:1442,23
DA:1443,28
DA:1444,35
DA:1445,32
DA:1446,64
DA:1447,62
DA:1449,49
DA:1450,42
DA:1451,18
DA:1452,22
DA:1453,34
DA:1454,57
DA:1455,25
DA:1456,10
DA:1457,35
DA:1458,28
DA:1459,9
DA:1460,42
DA:1461,18
DA:1462,22
DA:1463,34
DA:1464,56
DA:1465,25
DA:1466,10
DA:1467,35
DA:1468,28
DA:1469,6
DA:1470,7
DA:1475,57
DA:1476,41
DA:1477,18
DA:1478,22
DA:1479,34
DA:1480,57
DA:1481,25
DA:1482,10
DA:1483,19
DA:1484,24
DA:1485,28
DA:1486,29
DA:1487,26
DA:1488,27
DA:1489,10
DA:1490,16
DA:1491,9
DA:1492,41
DA:1493,18
DA:1494,22
DA:1495,34
DA:1496,56
DA:1497,25
DA:1498,10
DA:1499,19
DA:1500,24
DA:1501,28
DA:1502,29
DA:1503,26
DA:1504,27
DA:1505,10
DA:1506,16
DA:1507,6
DA:1508,7
DA:1510,36
DA:1511,46
DA:1512,29
DA:1513,13
DA:1514,18
DA:1515,19
DA:1516,16
DA:1517,15
DA:1518,15
DA:1519,52
DA:1522,53
DA:1523,51
DA:1524,49
DA:1526,47
DA:1527,62
DA:1528,56
DA:1529,4
DA:1531,22
DA:1532,16
DA:1533,30
DA:1534,30
DA:1535,22
DA:1536,24
DA:1537,44
DA:1538,30
DA:1539,31
DA:1540,29
DA:1541,52
DA:1542,50
DA:1543,37
DA:1544,32
DA:1545,5
DA:1546,2
DA:1550,60
DA:1551,60
DA:1552,35
DA:1553,11
DA:1554,0
DA:1555,0
DA:1557,4
DA:1558,27
DA:1559,24
DA:1560,30
DA:1561,45
DA:1562,39
DA:1563,22
DA:1564,23
DA:1565,29
DA:1566,21
DA:1567,21
DA:1568,27
DA:1569,31
DA:1570,41
DA:1571,5
DA:1572,2
DA:1575,66
DA:1576,14
DA:1577,18
DA:1578,13
DA:1579,30
DA:1580,29
DA:1581,84
DA:1582,5
DA:1583,6
DA:1584,35
DA:1585,10
DA:1586,0
DA:1587,0
DA:1589,4
DA:1590,25
DA:1591,38
DA:1592,67
DA:1593,24
DA:1594,17
DA:1595,21
DA:1596,31
DA:1597,25
DA:1598,25
DA:1599,25
DA:1600,46
DA:1601,28
DA:1602,28
DA:1603,50
DA:1604,35
DA:1605,5
DA:1606,2
DA:1608,12
DA:1609,16
DA:1610,42
DA:1611,14
DA:1612,15
DA:1613,16
DA:1614,62
DA:1615,2
DA:1627,11
DA:1645,3
DA:1646,9
DA:1647,37
DA:1648,79
DA:1649,37
DA:1650,12
DA:1651,18
DA:1652,19
DA:1653,27
DA:1654,6
DA:1655,4
DA:1656,43
DA:1657,15
DA:1658,38
DA:1659,42
DA:1660,44
DA:1661,34
DA:1662,26
DA:1663,38
DA:1664,40
DA:1665,55
DA:1666,34
DA:1667,19
DA:1668,36
DA:1669,30
DA:1670,47
DA:1671,49
DA:1672,43
DA:1673,51
DA:1674,54
DA:1675,5
DA:1676,7
DA:1682,0
DA:1684,5
DA:1685,17
DA:1686,76
DA:1690,1
DA:1691,6
DA:1692,11
DA:1693,3
DA:1694,82
DA:1695,20
DA:1696,59
DA:1697,16
DA:1698,59
DA:1699,56
DA:1700,6
DA:1701,24
DA:1703,51
DA:1704,15
DA:1705,49
DA:1706,26
DA:1707,31
DA:1708,43
DA:1709,45
DA:1710,39
DA:1711,44
DA:1712,4
DA:1717,1
DA:1718,7
DA:1719,13
DA:1720,14
DA:1721,19
DA:1722,3
DA:1723,95
LF:1075
LH:1052
end_of_record
TN:
SF:apps/api/src/services/creator-gamification.service.ts
FNF:33
FNH:33
BRF:0
BRH:0
DA:4,116
DA:14,39
DA:70,7
DA:71,24
DA:72,24
DA:73,8
DA:76,17
DA:77,50
DA:80,10
DA:81,18
DA:84,10
DA:85,44
DA:86,52
DA:89,11
DA:90,22
DA:91,27
DA:92,60
DA:93,2
DA:94,10
DA:97,1
DA:98,14
DA:99,5
DA:100,43
DA:101,3
DA:102,66
DA:103,33
DA:104,30
DA:105,31
DA:106,62
DA:108,40
DA:109,8
DA:110,2
DA:112,15
DA:113,15
DA:114,36
DA:115,0
DA:116,0
DA:117,0
DA:118,2
DA:120,17
DA:121,16
DA:122,16
DA:123,55
DA:124,13
DA:125,35
DA:126,13
DA:127,11
DA:128,2
DA:129,14
DA:132,16
DA:133,65
DA:134,22
DA:135,67
DA:136,62
DA:137,22
DA:138,69
DA:139,73
DA:140,21
DA:141,31
DA:142,56
DA:143,3
DA:144,60
DA:146,12
DA:147,15
DA:148,16
DA:149,15
DA:150,16
DA:151,15
DA:152,18
DA:154,30
DA:157,16
DA:158,48
DA:159,47
DA:160,49
DA:161,46
DA:162,26
DA:165,24
DA:166,41
DA:167,51
DA:168,53
DA:169,56
DA:170,37
DA:171,44
DA:172,51
DA:173,47
DA:174,53
DA:175,41
DA:176,41
DA:177,43
DA:178,47
DA:179,45
DA:180,48
DA:181,1
DA:183,1
DA:184,11
DA:185,8
DA:186,11
DA:187,9
DA:188,3
DA:189,38
DA:190,13
DA:191,16
DA:192,19
DA:193,31
DA:194,3
DA:195,5
DA:196,38
DA:197,13
DA:198,13
DA:199,47
DA:200,56
DA:201,92
DA:202,19
DA:203,29
DA:204,15
DA:205,5
DA:206,3
DA:207,5
DA:210,6
DA:211,11
DA:212,6
DA:213,3
DA:214,60
DA:215,29
DA:216,15
DA:217,19
DA:218,19
DA:219,3
DA:220,5
DA:221,24
DA:223,57
DA:224,25
DA:225,29
DA:226,5
DA:227,57
DA:229,72
DA:230,58
DA:231,15
DA:232,25
DA:233,26
DA:234,24
DA:235,18
DA:236,3
DA:237,5
DA:239,66
DA:240,14
DA:241,16
DA:242,26
DA:243,6
DA:244,22
DA:245,5
DA:247,63
DA:248,14
DA:249,13
DA:250,49
DA:251,11
DA:252,39
DA:253,29
DA:254,7
DA:255,5
DA:256,3
DA:257,5
DA:258,47
DA:260,35
DA:261,18
DA:262,21
DA:263,38
DA:264,4
DA:266,45
DA:267,54
DA:268,26
DA:269,61
DA:272,73
DA:274,44
DA:275,38
DA:276,1
DA:277,4
DA:278,58
DA:279,60
DA:280,62
DA:282,42
DA:283,51
DA:284,4
DA:285,51
DA:286,59
DA:288,78
DA:289,77
DA:290,80
DA:292,73
DA:293,73
DA:294,75
DA:296,73
DA:297,58
DA:298,70
DA:301,19
DA:302,60
DA:303,26
DA:304,5
DA:305,29
DA:307,72
DA:308,58
DA:309,15
DA:310,15
DA:311,25
DA:312,26
DA:313,21
DA:314,3
DA:315,5
DA:317,56
DA:318,80
DA:319,78
DA:320,27
DA:321,18
DA:322,24
DA:323,46
DA:324,1
DA:325,18
DA:326,3
DA:328,54
DA:329,29
DA:330,25
DA:331,3
DA:332,50
DA:333,42
DA:334,4
DA:336,64
DA:337,19
DA:338,38
DA:339,24
DA:340,5
DA:341,25
DA:342,30
DA:343,34
DA:344,43
DA:345,47
DA:346,38
DA:347,2
DA:348,2
DA:350,29
DA:351,42
DA:352,18
DA:353,38
DA:354,42
DA:355,61
DA:356,19
DA:357,21
DA:358,4
DA:360,68
DA:361,50
DA:363,24
DA:364,25
DA:365,25
DA:366,61
DA:367,28
DA:368,4
DA:369,46
DA:371,41
DA:372,29
DA:373,13
DA:374,27
DA:375,20
DA:376,25
DA:377,27
DA:378,22
DA:379,15
DA:380,3
DA:381,3
DA:384,6
DA:385,10
DA:386,3
DA:387,60
DA:388,29
DA:389,16
DA:390,45
DA:391,3
DA:392,5
DA:393,29
DA:395,12
DA:396,19
DA:397,37
DA:398,21
DA:399,33
DA:400,35
DA:401,31
DA:402,37
DA:403,45
DA:404,55
DA:405,41
DA:406,51
DA:407,41
DA:408,29
DA:409,27
DA:410,24
DA:411,4
DA:412,2
DA:415,6
DA:416,6
DA:417,6
DA:418,3
DA:419,49
DA:420,66
DA:421,42
DA:423,53
DA:424,34
DA:425,38
DA:426,43
DA:427,11
DA:428,22
DA:429,17
DA:430,17
DA:431,26
DA:432,24
DA:433,26
DA:434,30
DA:435,35
DA:436,25
DA:437,5
DA:438,4
DA:439,5
DA:441,65
DA:443,12
DA:444,16
DA:445,19
DA:446,21
DA:447,10
DA:448,12
DA:449,2
DA:452,19
DA:453,59
DA:454,29
DA:455,22
DA:456,5
DA:457,23
DA:459,73
DA:460,38
DA:461,29
DA:462,5
DA:463,56
DA:464,35
DA:465,8
DA:466,4
DA:468,40
DA:469,29
DA:470,43
DA:471,4
LF:345
LH:342
end_of_record
TN:
SF:apps/api/src/config/currencies.ts
FNF:2
FNH:2
BRF:0
BRH:0
DA:19,190
DA:20,495
DA:21,495
DA:22,530
DA:23,525
DA:24,535
DA:25,540
DA:26,515
DA:27,520
DA:28,530
DA:29,515
DA:30,540
DA:31,525
DA:32,520
DA:33,535
DA:34,555
DA:35,535
DA:36,540
DA:37,550
DA:38,540
DA:39,525
DA:40,10
DA:46,185
DA:48,360
DA:49,360
DA:50,360
DA:51,360
DA:52,120
DA:55,240
DA:58,60
DA:61,60
DA:64,60
DA:67,120
DA:70,60
DA:73,60
DA:76,60
DA:79,60
DA:82,60
DA:85,60
DA:88,60
DA:91,60
DA:94,60
DA:97,60
DA:100,60
DA:103,60
DA:106,60
DA:109,360
DA:110,170
DA:111,10
DA:113,66
DA:114,216
DA:115,197
DA:118,81
DA:119,138
DA:120,60
DA:121,96
DA:122,0
DA:123,144
DA:124,99
DA:125,111
DA:126,150
DA:127,141
DA:128,12
DA:129,0
DA:130,135
DA:131,102
DA:132,99
LF:67
LH:65
end_of_record
TN:
SF:apps/api/src/services/diarization.service.ts
FNF:19
FNH:19
BRF:0
BRH:0
DA:4,212
DA:5,272
DA:6,168
DA:7,232
DA:24,224
DA:26,24
DA:27,96
DA:28,132
DA:29,172
DA:30,296
DA:31,200
DA:32,80
DA:33,136
DA:34,428
DA:35,6
DA:36,64
DA:39,44
DA:40,408
DA:41,127
DA:44,33
DA:45,219
DA:46,85
DA:49,33
DA:50,258
DA:51,85
DA:54,44
DA:55,384
DA:58,9
DA:59,9
DA:60,60
DA:61,89
DA:62,11
DA:63,15
DA:77,12
DA:78,22
DA:79,16
DA:80,6
DA:81,96
DA:82,192
DA:83,0
DA:84,92
DA:85,86
DA:86,156
DA:87,0
DA:88,51
DA:89,0
DA:90,18
DA:91,48
DA:92,36
DA:93,35
DA:94,29
DA:95,4
DA:96,0
DA:97,57
DA:98,64
DA:99,11
DA:100,84
DA:101,0
DA:102,0
DA:103,21
DA:104,0
DA:105,35
DA:106,33
DA:107,34
DA:108,0
DA:109,39
DA:110,0
DA:111,0
DA:112,11
DA:113,83
DA:114,0
DA:115,0
DA:116,44
DA:117,44
DA:118,40
DA:119,10
DA:120,19
DA:121,7
DA:122,0
DA:123,20
DA:124,20
DA:125,70
DA:126,70
DA:127,0
DA:128,85
DA:129,0
DA:130,32
DA:131,24
DA:132,89
DA:133,6
DA:134,6
DA:135,0
DA:136,13
DA:137,63
DA:138,22
DA:139,0
DA:140,4
DA:141,0
DA:142,4
DA:143,1
DA:150,15
DA:151,0
DA:152,9
DA:153,40
DA:154,36
DA:155,35
DA:156,18
DA:157,31
DA:158,49
DA:159,52
DA:160,2
DA:161,2
DA:162,0
DA:163,30
DA:164,50
DA:165,2
DA:166,31
DA:167,2
DA:168,43
DA:169,88
DA:170,2
DA:171,0
DA:172,64
DA:173,9
DA:174,66
DA:175,35
DA:176,4
DA:177,20
DA:187,12
DA:188,73
DA:189,22
DA:190,27
DA:191,0
DA:192,41
DA:193,52
DA:194,17
DA:195,31
DA:196,28
DA:197,23
DA:198,36
DA:199,34
DA:200,13
DA:201,7
DA:202,2
DA:203,2
DA:204,0
DA:205,51
DA:216,24
DA:217,56
DA:218,68
DA:219,12
DA:220,190
DA:222,148
DA:223,100
DA:224,96
DA:226,160
DA:227,228
DA:228,204
DA:229,244
DA:230,131
DA:231,90
DA:232,93
DA:233,16
DA:234,16
DA:236,208
DA:237,8
DA:245,24
DA:246,40
DA:247,68
DA:248,12
DA:249,147
DA:250,173
DA:251,8
DA:253,328
DA:254,206
DA:256,180
DA:257,136
DA:258,80
DA:260,80
DA:261,152
DA:262,168
DA:263,204
DA:264,284
DA:265,268
DA:266,108
DA:268,124
DA:269,84
DA:270,96
DA:271,80
DA:272,132
DA:273,100
DA:274,28
DA:275,8
DA:276,8
DA:279,197
DA:280,43
DA:281,55
DA:282,42
DA:283,8
DA:285,52
LF:200
LH:177
end_of_record
TN:
SF:apps/api/src/services/transcription.service.ts
FNF:19
FNH:16
BRF:0
BRH:0
DA:4,258
DA:5,222
DA:6,264
DA:7,252
DA:27,336
DA:29,30
DA:30,120
DA:31,0
DA:32,165
DA:33,0
DA:34,215
DA:35,0
DA:36,370
DA:37,0
DA:38,250
DA:39,100
DA:40,170
DA:41,418
DA:42,8
DA:43,86
DA:46,44
DA:47,116
DA:48,300
DA:49,150
DA:52,33
DA:53,108
DA:56,84
DA:57,87
DA:58,177
DA:59,69
DA:60,177
DA:61,177
DA:62,168
DA:63,252
DA:64,39
DA:67,22
DA:68,58
DA:69,80
DA:70,80
DA:71,0
DA:72,95
DA:73,68
DA:80,12
DA:81,22
DA:82,38
DA:83,6
DA:84,88
DA:85,37
DA:86,88
DA:87,2
DA:88,0
DA:89,45
DA:90,19
DA:91,96
DA:92,2
DA:93,0
DA:94,23
DA:95,18
DA:96,68
DA:97,68
DA:98,57
DA:99,22
DA:100,11
DA:101,4
DA:102,0
DA:103,35
DA:104,33
DA:105,34
DA:106,0
DA:107,39
DA:108,0
DA:109,0
DA:110,11
DA:111,83
DA:112,0
DA:113,0
DA:114,44
DA:115,44
DA:116,40
DA:117,10
DA:118,19
DA:119,7
DA:120,0
DA:121,20
DA:122,20
DA:123,70
DA:124,70
DA:125,0
DA:126,100
DA:127,0
DA:128,32
DA:129,24
DA:130,97
DA:131,6
DA:132,6
DA:133,0
DA:134,13
DA:135,49
DA:136,23
DA:137,21
DA:138,74
DA:139,0
DA:140,4
DA:141,1
DA:144,12
DA:145,40
DA:146,24
DA:147,0
DA:148,30
DA:149,32
DA:150,60
DA:151,13
DA:152,41
DA:153,5
DA:154,0
DA:155,2
DA:156,2
DA:157,0
DA:158,21
DA:159,69
DA:160,2
DA:161,0
DA:162,46
DA:163,41
DA:164,49
DA:165,0
DA:166,20
DA:167,70
DA:168,41
DA:169,27
DA:170,76
DA:171,13
DA:172,5
DA:173,20
DA:174,42
DA:175,3
DA:176,0
DA:177,77
DA:178,65
DA:179,0
DA:180,76
DA:187,24
DA:188,44
DA:189,36
DA:190,12
DA:191,176
DA:192,176
DA:193,192
DA:194,0
DA:195,220
DA:196,124
DA:197,74
DA:198,32
DA:199,60
DA:200,20
DA:201,0
DA:202,79
DA:203,240
DA:204,6
DA:205,0
DA:206,144
DA:207,150
DA:208,63
DA:209,192
DA:210,186
DA:211,12
DA:212,0
DA:213,96
DA:214,318
DA:215,120
DA:216,159
DA:217,165
DA:218,0
DA:219,216
DA:220,57
DA:221,129
DA:222,48
DA:223,15
DA:224,0
DA:225,61
DA:226,76
DA:227,140
DA:228,6
DA:229,0
DA:230,117
DA:231,0
DA:232,118
DA:233,52
DA:234,44
DA:235,62
DA:236,14
DA:237,0
DA:238,36
DA:239,84
DA:240,39
DA:241,150
DA:242,96
DA:243,9
DA:250,12
DA:251,22
DA:252,20
DA:253,0
DA:254,0
DA:255,0
DA:256,6
DA:257,6
DA:258,140
DA:259,0
DA:260,42
DA:261,86
DA:262,94
DA:263,0
DA:264,55
DA:265,13
DA:266,47
DA:267,21
DA:268,90
DA:269,0
DA:270,4
DA:271,4
DA:272,0
DA:273,92
DA:276,84
DA:277,186
LF:224
LH:183
end_of_record
TN:
SF:apps/api/src/services/email.service.ts
FNF:16
FNH:16
BRF:0
BRH:0
DA:10,130
DA:12,98
DA:15,48
DA:16,48
DA:28,22
DA:29,44
DA:30,46
DA:31,82
DA:33,48
DA:34,120
DA:35,0
DA:36,4
DA:38,4
DA:40,40
DA:46,11
DA:47,36
DA:48,49
DA:55,2
DA:56,20
DA:57,8
DA:58,10
DA:59,6
DA:60,68
DA:62,22
DA:63,0
DA:64,0
DA:65,4
DA:67,18
DA:68,94
DA:69,18
DA:70,30
DA:71,80
DA:72,14
DA:74,52
DA:75,106
DA:76,13
DA:77,88
DA:80,27
DA:81,19
DA:82,76
DA:83,49
DA:94,28
DA:100,6
DA:101,122
DA:102,72
DA:103,80
DA:104,44
DA:105,58
DA:106,6
DA:112,14
DA:113,0
DA:114,0
DA:115,0
DA:116,3
DA:117,52
DA:118,25
DA:119,51
DA:120,4
DA:126,14
DA:127,0
DA:128,0
DA:129,0
DA:130,0
DA:131,3
DA:132,62
DA:133,42
DA:134,30
DA:135,41
DA:136,4
DA:142,14
DA:143,0
DA:144,0
DA:145,0
DA:146,0
DA:147,3
DA:148,66
DA:149,21
DA:150,32
DA:151,43
DA:152,4
DA:158,14
DA:159,0
DA:160,0
DA:161,0
DA:162,0
DA:163,0
DA:164,0
DA:165,3
DA:166,59
DA:167,36
DA:168,36
DA:169,40
DA:170,22
DA:171,29
DA:172,4
DA:178,14
DA:179,0
DA:180,0
DA:181,0
DA:182,0
DA:183,0
DA:184,0
DA:185,3
DA:186,60
DA:187,36
DA:188,38
DA:189,38
DA:190,53
DA:191,35
DA:192,4
DA:198,14
DA:199,0
DA:200,0
DA:201,0
DA:202,0
DA:203,0
DA:204,0
DA:205,0
DA:206,3
DA:207,58
DA:208,40
DA:209,30
DA:210,57
DA:211,62
DA:212,61
DA:213,35
DA:214,4
DA:220,14
DA:221,0
DA:222,0
DA:223,0
DA:224,0
DA:225,0
DA:226,0
DA:227,0
DA:228,3
DA:229,60
DA:230,40
DA:231,30
DA:232,26
DA:233,37
DA:234,39
DA:235,57
DA:236,4
DA:242,14
DA:243,0
DA:244,0
DA:245,0
DA:246,0
DA:247,0
DA:248,0
DA:249,3
DA:250,59
DA:251,40
DA:252,30
DA:253,26
DA:254,37
DA:255,27
DA:256,4
DA:262,14
DA:263,0
DA:264,0
DA:265,0
DA:266,0
DA:267,0
DA:268,0
DA:269,3
DA:270,58
DA:271,34
DA:272,36
DA:273,40
DA:274,34
DA:275,35
DA:276,4
DA:282,14
DA:283,0
DA:284,0
DA:285,3
DA:286,59
DA:287,37
DA:288,4
DA:294,14
DA:295,0
DA:296,0
DA:297,3
DA:298,60
DA:299,22
DA:300,18
DA:301,2
LF:189
LH:133
end_of_record
TN:
SF:apps/api/src/lib/eval-job-manager.ts
FNF:8
FNH:8
BRF:0
BRH:0
DA:11,94
DA:12,60
DA:14,146
DA:15,144
DA:17,38
DA:19,12
DA:20,64
DA:22,152
DA:23,308
DA:24,309
DA:26,83
DA:27,39
DA:28,42
DA:29,105
DA:31,26
DA:32,99
DA:33,45
DA:34,84
DA:35,32
DA:36,5
DA:37,11
DA:38,27
DA:41,18
DA:44,12
DA:45,38
DA:46,62
DA:47,92
DA:48,4
DA:49,32
DA:52,22
DA:60,6
DA:61,56
DA:62,156
DA:64,34
DA:65,54
DA:66,32
DA:67,34
DA:68,40
DA:69,54
DA:70,34
DA:71,106
DA:72,80
DA:73,10
DA:74,12
DA:75,26
DA:76,44
DA:77,68
DA:78,72
DA:79,38
DA:80,42
DA:81,42
DA:82,114
DA:83,88
DA:84,18
DA:85,20
DA:86,34
DA:87,66
DA:88,104
DA:89,50
DA:90,30
DA:91,68
DA:92,70
DA:93,80
DA:94,112
DA:95,52
DA:96,168
DA:97,106
DA:98,106
DA:99,130
DA:100,108
DA:101,132
DA:102,104
DA:103,32
DA:104,44
DA:105,154
DA:106,128
DA:107,126
DA:108,222
DA:109,38
DA:110,88
DA:111,188
DA:112,36
DA:113,38
DA:114,82
DA:115,214
DA:116,36
DA:117,38
DA:118,82
DA:119,214
DA:120,36
DA:121,38
DA:122,92
DA:123,126
DA:124,30
DA:125,32
DA:126,56
DA:127,108
DA:128,100
DA:129,26
DA:130,22
DA:131,18
DA:132,14
DA:133,10
DA:134,6
DA:135,8
DA:137,172
DA:138,146
DA:139,84
DA:142,34
DA:143,18
DA:144,60
DA:145,170
DA:146,60
DA:147,58
DA:148,140
DA:149,63
DA:150,64
DA:151,17
DA:152,11
DA:153,18
DA:157,17
DA:158,9
DA:159,30
DA:160,37
DA:161,20
DA:162,27
DA:163,45
DA:164,7
DA:165,58
DA:166,17
DA:167,84
LF:131
LH:131
end_of_record
TN:
SF:apps/api/src/services/exchange-rate.service.ts
FNF:7
FNH:7
BRF:0
BRH:0
DA:11,56
DA:12,120
DA:14,60
DA:21,34
DA:23,50
DA:24,18
DA:25,24
DA:26,24
DA:27,26
DA:28,24
DA:29,24
DA:30,24
DA:31,24
DA:32,24
DA:33,24
DA:34,18
DA:35,24
DA:36,26
DA:37,24
DA:38,24
DA:39,24
DA:40,24
DA:41,24
DA:42,24
DA:43,20
DA:44,2
DA:46,12
DA:47,102
DA:48,96
DA:51,10
DA:52,70
DA:53,34
DA:54,158
DA:55,56
DA:56,4
DA:58,18
DA:59,136
DA:60,58
DA:62,120
DA:63,80
DA:64,86
DA:65,86
DA:66,100
DA:67,80
DA:68,82
DA:69,10
DA:70,8
DA:72,26
DA:73,34
DA:74,184
DA:75,58
DA:79,20
DA:80,124
DA:81,36
DA:82,4
DA:84,90
DA:85,86
DA:86,26
DA:89,70
DA:90,82
DA:91,112
DA:92,46
LF:62
LH:62
end_of_record
TN:
SF:apps/api/src/services/git.service.ts
FNF:40
FNH:36
BRF:0
BRH:0
DA:18,132
DA:19,256
DA:20,110
DA:21,86
DA:22,76
DA:24,68
DA:26,50
DA:32,22
DA:33,104
DA:34,18
DA:35,116
DA:36,46
DA:37,0
DA:38,4
DA:40,40
DA:43,12
DA:44,44
DA:45,0
DA:46,4
DA:101,1582
DA:156,54
DA:165,48
DA:166,92
DA:186,38
DA:187,44
DA:188,62
DA:189,62
DA:190,56
DA:191,8
DA:192,82
DA:193,22
DA:194,106
DA:195,54
DA:196,38
DA:197,14
DA:198,4
DA:203,4
DA:215,68
DA:216,36
DA:217,20
DA:231,20
DA:232,36
DA:233,50
DA:234,30
DA:235,22
DA:236,26
DA:237,24
DA:245,24
DA:250,16
DA:251,16
DA:252,16
DA:253,12
DA:254,4
DA:264,58
DA:265,34
DA:266,18
DA:267,18
DA:268,34
DA:269,48
DA:270,28
DA:271,20
DA:272,24
DA:273,22
DA:274,18
DA:275,4
DA:282,90
DA:283,64
DA:284,162
DA:285,158
DA:286,4
DA:288,0
DA:289,0
DA:290,0
DA:310,38
DA:311,88
DA:313,0
DA:314,0
DA:316,0
DA:317,0
DA:318,0
DA:319,0
DA:320,0
DA:321,0
DA:322,0
DA:323,0
DA:324,0
DA:325,0
DA:326,0
DA:327,0
DA:328,0
DA:329,0
DA:330,0
DA:331,0
DA:332,0
DA:333,0
DA:334,0
DA:335,0
DA:336,0
DA:337,0
DA:338,0
DA:339,0
DA:340,0
DA:341,0
DA:342,0
DA:343,0
DA:344,0
DA:345,0
DA:346,0
DA:349,0
DA:350,0
DA:359,38
DA:360,116
DA:361,72
DA:362,104
DA:363,12
DA:364,4
DA:366,30
DA:367,18
DA:368,100
DA:369,0
DA:370,4
DA:374,50
DA:375,18
DA:376,30
DA:377,38
DA:378,94
DA:379,8
DA:381,124
DA:383,84
DA:384,100
DA:385,8
DA:387,70
DA:389,67
DA:390,105
DA:391,9
DA:392,39
DA:393,3
DA:405,64
DA:423,38
DA:424,70
DA:425,122
DA:426,22
DA:427,18
DA:428,58
DA:429,22
DA:430,14
DA:432,42
DA:433,37
DA:434,9
DA:435,25
DA:436,13
DA:437,100
DA:438,4
DA:439,0
DA:443,0
DA:444,0
DA:445,1
DA:461,38
DA:462,70
DA:466,74
DA:467,86
DA:468,22
DA:469,26
DA:470,14
DA:471,138
DA:472,74
DA:473,12
DA:474,4
DA:478,4
DA:485,12
DA:486,30
DA:487,16
DA:488,6
DA:489,30
DA:490,114
DA:492,63
DA:496,49
DA:497,46
DA:498,39
DA:499,42
DA:500,57
DA:501,33
DA:502,4
DA:505,184
DA:510,94
DA:514,88
DA:517,100
DA:518,62
DA:519,86
DA:520,4
DA:523,196
DA:524,206
DA:527,152
DA:529,18
DA:530,194
DA:531,0
DA:533,0
DA:534,0
DA:535,4
DA:538,96
DA:544,48
DA:545,18
DA:546,120
DA:547,50
DA:548,48
DA:549,34
DA:550,14
DA:551,61
DA:552,11
DA:553,15
DA:560,24
DA:561,9
DA:562,53
DA:563,25
DA:564,24
DA:565,17
DA:566,7
DA:567,21
DA:568,11
DA:569,13
DA:576,46
DA:577,70
DA:578,28
DA:579,40
DA:580,34
DA:581,30
DA:582,32
DA:583,34
DA:584,38
DA:585,40
DA:586,42
DA:587,2
DA:588,4
DA:590,110
DA:593,122
DA:594,46
DA:595,44
DA:596,30
DA:597,10
DA:599,40
DA:600,44
DA:601,46
DA:603,126
DA:604,64
DA:605,70
DA:606,70
DA:608,107
DA:609,29
DA:610,120
DA:611,52
DA:612,66
DA:613,28
DA:614,6
DA:615,4
DA:618,32
DA:619,34
DA:620,18
DA:621,184
DA:622,50
DA:623,48
DA:624,34
DA:625,14
DA:626,124
DA:627,38
DA:628,38
DA:629,18
DA:633,24
DA:634,34
DA:635,22
DA:636,20
DA:637,22
DA:638,22
DA:639,26
DA:640,28
DA:641,156
DA:642,4
DA:648,12
DA:649,30
DA:650,16
DA:651,6
DA:652,30
DA:653,140
DA:660,94
DA:661,88
DA:667,74
DA:674,80
DA:682,86
DA:685,52
DA:686,152
DA:687,11
DA:688,80
DA:692,96
DA:693,116
DA:694,22
DA:695,4
DA:698,94
DA:699,45
DA:700,54
DA:701,4
DA:703,18
DA:704,146
DA:705,0
DA:706,0
DA:707,0
DA:708,0
DA:709,4
DA:713,92
DA:719,12
DA:720,30
DA:721,28
DA:722,6
DA:723,18
DA:725,114
DA:726,216
DA:727,50
DA:728,48
DA:729,34
DA:730,28
DA:732,172
DA:735,50
DA:736,44
DA:737,44
DA:739,22
DA:741,174
DA:742,54
DA:743,52
DA:744,38
DA:745,32
DA:747,122
DA:748,124
DA:749,120
DA:751,120
DA:752,109
DA:753,84
DA:754,13
DA:756,13
DA:757,90
DA:758,29
DA:759,28
DA:760,21
DA:761,18
DA:763,63
DA:764,64
DA:766,62
DA:767,55
DA:768,20
DA:769,12
DA:774,28
DA:775,20
DA:776,30
DA:777,28
DA:778,26
DA:779,36
DA:780,60
DA:781,38
DA:782,32
DA:783,26
DA:784,4
DA:785,22
DA:786,24
DA:793,12
DA:794,30
DA:795,18
DA:796,6
DA:797,110
DA:800,118
DA:801,192
DA:802,27
DA:803,26
DA:804,4
DA:805,27
DA:806,20
DA:807,4
DA:809,18
DA:810,96
DA:811,50
DA:812,48
DA:813,34
DA:814,14
DA:816,46
DA:817,144
DA:818,194
DA:819,60
DA:820,44
DA:821,24
DA:822,34
DA:823,32
DA:824,30
DA:825,40
DA:826,64
DA:827,48
DA:828,42
DA:829,36
DA:830,14
DA:831,8
DA:833,29
DA:834,11
DA:835,11
DA:842,12
DA:843,30
DA:844,18
DA:845,32
DA:846,6
DA:847,18
DA:848,82
DA:851,160
DA:852,50
DA:853,48
DA:854,34
DA:855,14
DA:858,146
DA:859,50
DA:860,48
DA:861,34
DA:862,14
DA:864,42
DA:865,58
DA:868,127
DA:869,48
DA:870,28
DA:871,51
DA:872,48
DA:873,7
DA:874,4
DA:877,70
DA:878,37
DA:879,34
DA:880,28
DA:881,31
DA:883,17
DA:884,36
DA:885,14
DA:886,27
DA:887,10
DA:888,14
DA:889,29
DA:890,5
DA:891,0
DA:892,0
DA:893,18
DA:895,32
DA:898,73
DA:899,20
DA:900,13
DA:901,15
DA:902,35
DA:903,35
DA:904,47
DA:905,7
DA:906,4
DA:908,72
DA:909,72
DA:911,49
DA:912,11
DA:913,60
DA:921,12
DA:922,30
DA:923,10
DA:924,16
DA:925,6
DA:926,30
DA:927,96
DA:932,74
DA:934,56
DA:935,25
DA:936,18
DA:937,4
DA:938,39
DA:939,32
DA:940,4
DA:941,34
DA:943,18
DA:944,136
DA:945,34
DA:954,222
DA:955,54
DA:956,150
DA:957,46
DA:958,0
DA:959,0
DA:960,0
DA:961,0
DA:962,0
DA:963,0
DA:964,0
DA:965,0
DA:966,0
DA:967,8
DA:968,28
DA:969,42
DA:970,104
DA:971,88
DA:972,4
DA:975,71
DA:982,0
DA:983,0
DA:984,0
DA:985,0
DA:986,0
DA:987,0
DA:988,0
DA:989,0
DA:990,0
DA:991,0
DA:992,2
DA:999,12
DA:1000,30
DA:1001,24
DA:1002,18
DA:1003,6
DA:1004,30
DA:1005,138
DA:1007,18
DA:1008,80
DA:1009,31
DA:1010,23
DA:1011,8
DA:1013,138
DA:1015,45
DA:1016,89
DA:1017,8
DA:1019,50
DA:1020,34
DA:1021,148
DA:1028,12
DA:1029,30
DA:1030,6
DA:1031,18
DA:1032,90
DA:1033,50
DA:1034,48
DA:1035,34
DA:1036,14
DA:1038,28
DA:1039,14
DA:1040,20
DA:1041,32
DA:1042,21
DA:1043,40
DA:1044,35
DA:1045,5
DA:1046,22
DA:1047,20
DA:1054,12
DA:1055,30
DA:1056,12
DA:1057,10
DA:1058,6
DA:1059,30
DA:1060,18
DA:1061,180
DA:1062,18
DA:1066,182
DA:1072,12
DA:1073,30
DA:1074,18
DA:1075,6
DA:1076,30
DA:1077,148
DA:1079,18
DA:1080,52
DA:1081,46
DA:1082,40
DA:1083,8
DA:1084,34
DA:1085,50
DA:1086,8
DA:1087,44
DA:1088,36
DA:1089,44
DA:1090,8
DA:1092,138
DA:1093,50
DA:1094,34
DA:1095,126
DA:1102,12
DA:1103,30
DA:1104,18
DA:1105,6
DA:1106,30
DA:1107,106
DA:1109,18
DA:1110,54
DA:1111,34
DA:1112,50
DA:1113,8
DA:1114,44
DA:1116,138
DA:1117,50
DA:1118,34
DA:1119,128
DA:1126,12
DA:1127,30
DA:1128,18
DA:1129,6
DA:1130,30
DA:1131,124
DA:1133,18
DA:1134,52
DA:1135,36
DA:1136,52
DA:1137,8
DA:1138,44
DA:1139,36
DA:1140,44
DA:1141,8
DA:1143,138
DA:1144,50
DA:1145,34
DA:1146,126
DA:1153,6
DA:1154,15
DA:1155,9
DA:1156,0
DA:1157,0
DA:1158,0
DA:1159,0
DA:1160,0
DA:1161,0
DA:1162,0
DA:1163,3
DA:1164,50
DA:1165,31
DA:1166,43
DA:1167,2
DA:1168,0
DA:1169,57
DA:1170,68
DA:1176,6
DA:1177,14
DA:1178,3
DA:1179,73
DA:1180,35
DA:1181,11
DA:1182,2
DA:1183,0
DA:1184,9
DA:1185,58
DA:1186,27
DA:1187,11
DA:1188,11
LF:641
LH:560
end_of_record
TN:
SF:apps/api/src/jobs/grant-monthly-refill.ts
FNF:8
FNH:6
BRF:0
BRH:0
DA:21,39
DA:22,73
DA:24,7
DA:25,78
DA:36,6
DA:37,13
DA:38,3
DA:39,38
DA:40,38
DA:49,57
DA:50,14
DA:51,29
DA:52,20
DA:53,26
DA:54,56
DA:55,7
DA:56,8
DA:57,14
DA:58,79
DA:59,63
DA:60,5
DA:61,6
DA:62,31
DA:63,5
DA:64,75
DA:66,21
DA:67,36
DA:68,16
DA:69,15
DA:70,14
DA:71,8
DA:72,4
DA:74,44
DA:75,11
DA:76,60
DA:77,31
DA:78,40
DA:79,9
DA:83,21
DA:84,29
DA:85,8
DA:86,6
DA:87,47
DA:88,29
DA:89,8
DA:90,6
DA:91,58
DA:92,27
DA:93,19
DA:94,26
DA:95,77
DA:97,2
DA:99,32
DA:100,55
DA:101,2
DA:102,15
DA:110,6
DA:111,23
DA:112,3
DA:113,21
DA:114,0
DA:116,6
DA:117,0
DA:118,0
DA:119,0
DA:120,2
DA:121,16
DA:122,9
DA:123,12
DA:124,71
DA:125,20
DA:126,5
DA:127,3
LF:73
LH:69
end_of_record
TN:
SF:apps/api/src/lib/heartbeat-scheduler.ts
FNF:15
FNH:14
BRF:0
BRH:0
DA:15,104
DA:16,136
DA:21,120
DA:22,120
DA:24,180
DA:25,118
DA:26,6
DA:27,168
DA:28,96
DA:29,6
DA:30,184
DA:31,106
DA:32,6
DA:34,178
DA:35,148
DA:36,186
DA:40,128
DA:41,16
DA:42,26
DA:43,78
DA:44,56
DA:45,86
DA:46,70
DA:47,6
DA:48,0
DA:49,0
DA:50,0
DA:51,7
DA:52,72
DA:53,13
DA:54,41
DA:55,9
DA:56,22
DA:57,0
DA:58,7
DA:61,14
DA:62,36
DA:65,17
DA:66,38
DA:67,38
DA:70,24
DA:71,45
DA:72,34
DA:73,0
DA:74,0
DA:75,7
DA:76,48
DA:77,0
DA:78,523
DA:79,0
DA:80,0
DA:81,0
DA:82,0
DA:83,0
DA:84,0
DA:85,0
DA:86,0
DA:87,0
DA:88,0
DA:89,18
DA:90,0
DA:91,0
DA:92,0
DA:93,16
DA:94,11
DA:95,77
DA:96,69
DA:97,55
DA:98,0
DA:99,75
DA:100,23
DA:101,20
DA:102,45
DA:103,56
DA:104,10
DA:105,53
DA:106,9
DA:107,0
DA:108,26
DA:109,64
DA:110,0
DA:111,0
DA:112,0
DA:113,0
DA:114,83
DA:115,73
DA:116,51
DA:117,6
DA:118,0
DA:119,43
DA:120,39
DA:121,78
DA:122,19
DA:123,44
DA:124,44
DA:125,92
DA:128,2
DA:132,44
DA:134,22
DA:135,42
DA:136,76
DA:137,4
DA:138,36
DA:141,10
DA:142,44
DA:143,26
DA:144,16
LF:107
LH:80
end_of_record
TN:
SF:packages/agent-runtime/src/quiet-hours.ts
FNF:1
FNH:1
BRF:0
BRH:0
DA:9,6
DA:10,12
DA:11,10
DA:12,10
DA:13,3
DA:14,46
DA:15,0
DA:16,23
DA:17,31
DA:18,12
DA:19,14
DA:20,0
DA:21,9
DA:22,52
DA:23,19
DA:24,22
DA:25,24
DA:26,17
DA:27,7
DA:28,36
DA:29,50
DA:30,19
DA:31,14
DA:32,0
DA:33,0
DA:34,2
DA:35,0
DA:36,0
DA:37,43
DA:38,61
DA:39,55
DA:40,41
DA:41,35
DA:42,0
DA:43,30
DA:44,56
DA:45,0
DA:46,0
LF:38
LH:29
end_of_record
TN:
SF:apps/api/src/lib/infra-metrics-collector.ts
FNF:11
FNH:9
BRF:0
BRH:0
DA:17,80
DA:18,86
DA:19,52
DA:21,50
DA:22,42
DA:24,22
DA:25,18
DA:26,154
DA:27,94
DA:28,116
DA:30,58
DA:31,270
DA:32,8
DA:34,154
DA:35,22
DA:36,170
DA:37,98
DA:38,116
DA:39,48
DA:40,68
DA:41,124
DA:42,142
DA:43,154
DA:44,14
DA:45,38
DA:46,174
DA:49,36
DA:50,80
DA:51,42
DA:52,144
DA:53,32
DA:54,82
DA:55,44
DA:56,148
DA:58,82
DA:59,30
DA:60,108
DA:61,108
DA:62,92
DA:63,120
DA:64,116
DA:65,124
DA:66,120
DA:67,124
DA:68,66
DA:69,56
DA:70,90
DA:71,44
DA:72,84
DA:73,84
DA:74,92
DA:75,100
DA:76,124
DA:77,114
DA:78,10
DA:79,12
DA:80,34
DA:81,134
DA:85,22
DA:86,18
DA:87,106
DA:88,126
DA:89,80
DA:90,14
DA:91,42
DA:92,154
DA:93,6
DA:94,34
DA:95,130
DA:99,34
DA:100,58
DA:102,182
DA:104,52
DA:105,66
DA:107,56
DA:108,60
DA:111,22
DA:112,46
DA:113,66
DA:114,46
DA:115,4
DA:116,40
DA:117,60
DA:118,40
DA:119,2
LF:85
LH:85
end_of_record
TN:
SF:apps/api/src/config/instance-sizes.ts
FNF:6
FNH:6
BRF:0
BRH:0
DA:13,510
DA:15,198
DA:35,192
DA:36,72
DA:37,114
DA:38,96
DA:39,108
DA:40,108
DA:41,96
DA:42,138
DA:43,162
DA:44,204
DA:45,162
DA:46,150
DA:47,138
DA:48,132
DA:49,78
DA:50,24
DA:51,72
DA:52,114
DA:53,102
DA:54,96
DA:55,108
DA:56,96
DA:57,138
DA:58,150
DA:59,204
DA:60,162
DA:61,150
DA:62,144
DA:63,144
DA:64,78
DA:65,24
DA:66,78
DA:67,120
DA:68,102
DA:69,96
DA:70,108
DA:71,96
DA:72,144
DA:73,150
DA:74,210
DA:75,168
DA:76,150
DA:77,144
DA:78,144
DA:79,78
DA:80,24
DA:81,72
DA:82,114
DA:83,102
DA:84,96
DA:85,114
DA:86,102
DA:87,144
DA:88,150
DA:89,216
DA:90,174
DA:91,156
DA:92,144
DA:93,144
DA:94,78
DA:95,24
DA:96,78
DA:97,120
DA:98,102
DA:99,96
DA:100,114
DA:101,102
DA:102,144
DA:103,156
DA:104,216
DA:105,174
DA:106,156
DA:107,150
DA:108,150
DA:109,78
DA:110,12
DA:111,12
DA:113,498
DA:115,30
DA:116,60
DA:130,240
DA:140,342
DA:142,12
DA:143,12
DA:144,26
DA:145,6
DA:146,104
DA:147,110
DA:148,144
DA:149,126
DA:158,30
DA:159,46
DA:160,32
DA:161,28
DA:162,34
DA:163,30
DA:164,54
DA:165,0
DA:166,88
DA:170,50
DA:171,72
DA:172,160
DA:173,112
DA:176,38
DA:177,154
DA:186,60
DA:187,144
DA:188,48
DA:189,268
DA:190,204
DA:191,152
DA:192,100
DA:193,4
LF:115
LH:114
end_of_record
TN:
SF:apps/api/src/services/instance.service.ts
FNF:16
FNH:16
BRF:0
BRH:0
DA:10,78
DA:11,182
DA:17,42
DA:18,114
DA:19,62
DA:20,30
DA:21,50
DA:22,46
DA:23,38
DA:24,54
DA:25,58
DA:26,60
DA:27,14
DA:28,10
DA:29,6
DA:30,10
DA:32,62
DA:34,76
DA:35,72
DA:37,24
DA:38,18
DA:39,18
DA:40,66
DA:41,14
DA:42,120
DA:43,112
DA:44,82
DA:45,122
DA:46,6
DA:47,10
DA:48,4
DA:51,44
DA:52,102
DA:53,48
DA:54,6
DA:57,12
DA:58,26
DA:59,44
DA:60,36
DA:61,28
DA:62,16
DA:63,34
DA:64,40
DA:65,34
DA:66,6
DA:67,74
DA:68,88
DA:69,58
DA:70,34
DA:71,40
DA:72,58
DA:73,50
DA:74,42
DA:75,30
DA:76,48
DA:77,54
DA:78,44
DA:79,16
DA:80,34
DA:81,58
DA:82,50
DA:83,42
DA:84,30
DA:85,48
DA:86,54
DA:87,44
DA:88,10
DA:89,14
DA:91,66
DA:92,66
DA:93,52
DA:94,12
DA:95,8
DA:98,42
DA:99,74
DA:100,66
DA:101,66
DA:102,70
DA:103,14
DA:105,96
DA:106,52
DA:107,12
DA:108,8
DA:116,58
DA:117,88
DA:124,38
DA:125,106
DA:126,58
DA:127,30
DA:128,40
DA:129,92
DA:130,10
DA:131,6
DA:132,10
DA:134,80
DA:136,92
DA:137,130
DA:144,42
DA:145,114
DA:146,62
DA:147,64
DA:148,10
DA:149,52
DA:151,76
DA:152,138
DA:154,104
DA:155,124
DA:156,96
DA:157,10
DA:159,74
DA:161,104
DA:163,172
DA:164,90
DA:166,72
DA:167,22
DA:168,128
DA:169,38
DA:170,28
DA:171,134
DA:172,22
DA:173,16
DA:175,2
LF:122
LH:122
end_of_record
TN:
SF:apps/api/src/lib/k8s-auth.ts
FNF:7
FNH:7
BRF:0
BRH:0
DA:10,48
DA:12,70
DA:14,19
DA:15,20
DA:17,6
DA:18,32
DA:19,76
DA:20,182
DA:21,182
DA:23,23
DA:24,35
DA:25,13
DA:26,5
DA:27,55
DA:28,58
DA:29,105
DA:30,26
DA:31,99
DA:32,45
DA:33,84
DA:34,32
DA:35,5
DA:36,0
DA:37,2
DA:39,9
DA:42,6
DA:43,18
DA:44,31
DA:45,54
DA:46,2
DA:47,14
DA:50,6
DA:51,20
DA:52,31
DA:53,53
DA:54,2
DA:55,17
DA:69,15
DA:70,9
DA:71,29
DA:72,22
DA:73,45
DA:74,26
DA:75,19
DA:76,6
DA:78,65
DA:79,33
DA:81,34
DA:82,55
DA:83,11
DA:84,4
DA:86,49
DA:88,38
DA:89,86
DA:90,72
DA:91,11
DA:92,4
DA:94,31
DA:95,40
DA:97,35
DA:98,96
DA:99,11
DA:100,4
DA:102,14
DA:103,16
DA:104,25
DA:105,34
DA:106,31
DA:107,2
DA:108,17
DA:109,64
DA:110,12
DA:118,6
DA:119,13
DA:120,18
DA:121,3
DA:122,9
DA:123,31
DA:124,60
DA:125,35
DA:126,20
DA:127,27
DA:128,25
DA:129,21
DA:130,7
DA:132,29
DA:133,60
DA:134,69
DA:136,49
DA:137,12
DA:138,66
DA:139,43
DA:140,8
DA:141,12
DA:142,4
DA:144,12
DA:145,17
DA:146,100
DA:147,12
LF:99
LH:98
end_of_record
TN:
SF:apps/api/src/lib/local-heartbeat-scheduler.ts
FNF:10
FNH:9
BRF:0
BRH:0
DA:27,1
DA:29,27
DA:30,26
DA:31,78
DA:32,56
DA:33,86
DA:34,62
DA:35,19
DA:38,52
DA:39,136
DA:40,52
DA:43,30
DA:44,96
DA:46,22
DA:47,100
DA:48,36
DA:49,66
DA:50,84
DA:51,20
DA:52,38
DA:53,38
DA:54,52
DA:55,68
DA:56,64
DA:57,60
DA:58,64
DA:59,20
DA:60,88
DA:61,44
DA:62,12
DA:63,38
DA:67,92
DA:68,155
DA:69,81
DA:70,188
DA:71,78
DA:72,17
DA:73,25
DA:74,13
DA:75,32
DA:79,62
DA:81,46
DA:82,22
DA:83,138
DA:85,120
DA:86,67
DA:87,180
DA:88,30
DA:89,145
DA:90,46
DA:91,198
DA:92,38
DA:94,71
DA:95,188
DA:96,21
DA:97,17
DA:98,200
DA:99,13
DA:101,122
DA:102,100
DA:104,150
DA:105,46
DA:106,40
DA:107,90
DA:108,64
DA:109,20
DA:110,106
DA:111,18
DA:113,53
DA:114,173
DA:115,13
DA:117,86
DA:118,78
DA:119,149
DA:120,38
DA:121,88
DA:122,88
DA:123,175
DA:126,2
DA:130,44
DA:132,58
DA:133,43
DA:134,86
DA:135,5
DA:136,38
DA:139,56
DA:140,33
DA:141,6
DA:142,98
DA:143,82
DA:144,35
LF:91
LH:91
end_of_record
TN:
SF:apps/api/src/services/marketplace-audit.service.ts
FNF:14
FNH:13
BRF:0
BRH:0
DA:33,39
DA:34,75
DA:36,39
DA:37,66
DA:38,33
DA:64,1319
DA:96,14
DA:97,73
DA:98,0
DA:99,2
DA:100,24
DA:101,16
DA:102,84
DA:103,12
DA:104,6
DA:106,19
DA:107,16
DA:108,55
DA:109,38
DA:110,32
DA:111,0
DA:112,0
DA:113,4
DA:114,13
DA:115,35
DA:116,15
DA:117,0
DA:118,0
DA:119,0
DA:120,0
DA:121,0
DA:122,0
DA:123,0
DA:124,0
DA:126,0
DA:127,5
DA:129,49
DA:130,51
DA:131,44
DA:132,44
DA:133,2
DA:134,21
DA:137,9
DA:138,41
DA:139,16
DA:140,17
DA:141,83
DA:142,12
DA:143,9
DA:144,17
DA:145,74
DA:146,12
DA:147,10
DA:148,88
DA:149,29
DA:150,12
DA:151,13
DA:152,13
DA:153,55
DA:154,12
DA:155,75
DA:156,1
DA:166,30
DA:167,47
DA:168,17
DA:169,51
DA:170,2
DA:171,48
DA:172,19
DA:173,16
DA:174,41
DA:175,26
DA:176,37
DA:177,6
DA:178,28
DA:179,25
DA:180,23
DA:181,27
DA:182,54
DA:183,4
DA:184,5
DA:185,17
DA:186,41
DA:187,75
DA:188,2
DA:189,32
DA:190,59
DA:191,24
DA:195,10
DA:196,30
DA:197,35
DA:198,86
DA:199,22
DA:200,2
DA:201,15
DA:210,18
DA:211,49
DA:212,41
DA:213,61
DA:214,2
DA:215,15
DA:216,9
DA:217,53
DA:218,17
DA:219,14
DA:220,24
DA:221,25
DA:222,19
DA:223,41
DA:224,3
DA:226,13
DA:227,9
DA:228,44
DA:229,11
DA:230,69
DA:232,39
DA:233,32
DA:234,0
DA:235,2
DA:236,73
DA:237,12
DA:238,52
DA:239,23
DA:240,10
DA:241,2
DA:250,6
DA:251,11
DA:252,8
DA:253,10
DA:254,3
DA:255,51
DA:256,29
DA:257,13
DA:258,33
DA:259,26
DA:260,35
DA:261,31
DA:262,34
DA:263,3
DA:264,5
DA:272,6
DA:273,11
DA:274,10
DA:275,3
DA:276,71
DA:277,29
DA:278,15
DA:279,30
DA:280,33
DA:281,35
DA:282,3
DA:283,5
DA:284,18
DA:285,36
DA:286,2
DA:291,23
DA:292,38
DA:293,11
DA:294,28
DA:295,31
[...]
BRF:0
BRH:0
DA:4,28
DA:6,53
DA:8,39
DA:10,25
DA:12,6
DA:13,38
DA:16,6
DA:17,25
DA:18,26
DA:19,0
DA:20,4
DA:21,66
DA:22,34
DA:23,5
DA:24,2
DA:25,21
DA:44,18
DA:45,61
DA:48,6
DA:49,18
DA:50,7
DA:51,15
DA:52,3
DA:53,60
DA:54,33
DA:55,5
DA:56,18
DA:57,44
DA:58,2
DA:59,39
DA:60,36
DA:61,2
DA:63,31
DA:64,64
DA:65,42
DA:66,38
DA:67,43
DA:68,7
DA:69,13
DA:70,2
DA:72,29
DA:73,50
DA:74,19
DA:75,12
DA:76,10
DA:77,21
DA:78,34
DA:79,6
DA:80,17
DA:81,18
DA:82,21
DA:83,26
DA:84,7
DA:85,5
DA:86,3
DA:87,5
DA:89,40
DA:90,36
DA:91,45
DA:92,5
DA:94,18
DA:97,6
DA:98,18
DA:99,8
DA:100,3
DA:101,60
DA:102,33
DA:103,5
DA:104,41
DA:105,56
DA:106,2
DA:108,31
DA:109,42
DA:110,38
DA:111,15
DA:112,56
DA:113,40
DA:114,5
DA:115,7
DA:116,6
DA:117,2
DA:119,29
DA:120,24
DA:121,34
DA:122,32
DA:123,25
DA:124,12
DA:125,27
DA:126,31
DA:127,26
DA:128,6
DA:129,16
DA:130,35
DA:131,33
DA:132,35
DA:133,47
DA:134,36
DA:135,3
DA:136,4
DA:137,26
DA:138,43
DA:139,2
DA:141,32
DA:142,34
DA:143,53
DA:144,2
DA:146,70
DA:148,40
DA:149,36
DA:150,13
DA:151,54
DA:152,38
DA:153,3
DA:154,5
DA:157,23
DA:163,3
DA:164,60
DA:165,33
DA:166,5
DA:167,41
DA:168,56
DA:169,2
DA:171,31
DA:172,14
DA:173,27
DA:174,27
DA:175,29
DA:176,28
DA:177,20
DA:178,1
DA:179,2
DA:181,29
DA:182,77
DA:183,33
DA:184,49
DA:185,39
DA:187,12
DA:188,50
DA:189,50
DA:190,54
DA:191,66
DA:192,14
DA:193,1
DA:196,10
DA:197,56
DA:198,28
DA:199,2
DA:200,44
DA:201,28
DA:202,2
DA:203,13
DA:204,50
DA:205,44
DA:206,17
DA:207,35
DA:208,2
DA:209,41
DA:212,25
DA:213,37
DA:215,59
DA:216,51
DA:217,5
DA:218,18
DA:219,6
DA:220,2
DA:222,29
DA:223,63
DA:224,59
DA:226,40
DA:227,30
DA:228,24
DA:229,5
DA:232,13
DA:240,3
DA:241,31
DA:242,24
DA:243,2
DA:244,29
DA:245,71
DA:246,58
DA:247,36
DA:248,63
DA:249,2
DA:251,59
DA:252,20
DA:253,38
DA:254,19
DA:255,9
DA:256,20
DA:257,23
DA:258,26
DA:259,43
DA:260,53
DA:261,7
DA:262,5
DA:263,6
DA:264,28
DA:265,34
DA:266,68
DA:267,12
DA:268,6
DA:269,35
DA:270,33
DA:271,10
DA:272,5
DA:274,22
DA:275,46
DA:276,2
DA:277,19
DA:280,13
DA:288,3
DA:289,31
DA:290,24
DA:291,2
DA:292,29
DA:293,71
DA:295,59
DA:296,25
DA:297,38
DA:298,63
DA:299,26
DA:300,52
DA:301,68
DA:302,12
DA:303,6
DA:304,35
DA:305,33
DA:306,10
DA:307,5
DA:309,22
DA:310,46
DA:311,2
DA:312,19
DA:315,6
DA:316,18
DA:317,14
DA:318,3
DA:319,60
DA:320,33
DA:321,5
DA:322,41
DA:323,56
DA:324,2
DA:326,31
DA:327,30
DA:328,2
DA:330,29
DA:331,51
DA:332,46
DA:333,5
DA:334,73
DA:335,46
DA:336,44
DA:337,21
DA:338,48
DA:339,2
DA:340,28
DA:341,61
DA:342,2
DA:344,43
DA:345,29
DA:346,48
DA:347,4
DA:349,17
DA:352,25
DA:353,31
DA:354,8
DA:355,2
DA:356,29
DA:357,84
DA:358,64
DA:359,13
DA:360,17
DA:361,2
DA:362,40
LF:275
LH:274
end_of_record
TN:
SF:apps/api/src/webhooks/stripe.ts
FNF:11
FNH:11
BRF:0
BRH:0
DA:49,32
DA:50,98
DA:89,34
DA:90,100
DA:92,34
DA:93,22
DA:95,82
DA:96,126
DA:99,32
DA:100,26
DA:101,152
DA:102,46
DA:104,170
DA:105,166
DA:106,100
DA:107,16
DA:108,34
DA:111,146
DA:114,26
DA:115,70
DA:116,70
DA:117,130
DA:118,20
DA:120,70
DA:121,130
DA:122,20
DA:124,70
DA:125,130
DA:126,20
DA:128,74
DA:129,118
DA:130,50
DA:133,148
DA:135,62
DA:137,152
DA:142,78
DA:143,42
DA:144,116
DA:146,96
DA:155,2
DA:156,14
DA:157,26
DA:158,6
DA:159,188
DA:160,26
DA:162,82
DA:163,156
DA:164,12
DA:165,4
DA:167,78
DA:168,38
DA:169,32
DA:170,56
DA:171,62
DA:172,114
DA:173,132
DA:174,26
DA:175,10
DA:177,150
DA:184,2
DA:185,14
DA:186,26
DA:187,6
DA:188,188
DA:189,26
DA:191,50
DA:192,158
DA:193,12
DA:194,4
DA:196,78
DA:197,38
DA:198,70
DA:199,22
DA:200,22
DA:201,46
DA:202,42
DA:203,28
DA:204,10
DA:206,128
DA:213,2
DA:214,14
DA:215,26
DA:216,6
DA:217,106
DA:219,50
DA:220,158
DA:221,12
DA:222,4
DA:224,78
DA:225,38
DA:226,70
DA:227,46
DA:228,28
DA:229,10
DA:231,130
DA:238,2
DA:239,14
DA:240,30
DA:241,6
DA:242,128
DA:245,94
DA:246,28
DA:247,38
DA:248,26
DA:249,10
DA:258,70
LF:106
LH:106
end_of_record
TN:
SF:apps/api/src/middleware/super-admin.ts
FNF:2
FNH:2
BRF:0
BRH:0
DA:18,78
DA:24,34
DA:25,58
DA:27,46
DA:28,28
DA:29,146
DA:30,6
DA:31,2
DA:32,4
DA:34,94
DA:35,62
DA:36,48
DA:37,10
DA:39,92
DA:40,28
DA:41,148
DA:42,6
DA:43,2
DA:44,4
DA:46,28
LF:20
LH:20
end_of_record
TN:
SF:apps/api/src/lib/sync-engine.ts
FNF:15
FNH:15
BRF:0
BRH:0
DA:134,76
DA:135,40
DA:136,68
DA:137,76
DA:138,12
DA:139,0
DA:140,182
DA:141,0
DA:142,194
DA:143,288
DA:144,158
DA:145,18
DA:146,54
DA:147,10
DA:148,82
DA:164,4
DA:166,140
DA:167,368
DA:186,141
DA:187,0
DA:188,261
DA:189,240
DA:190,51
DA:191,27
DA:192,0
DA:193,0
DA:194,162
DA:195,72
DA:196,204
DA:197,156
DA:198,36
DA:199,0
DA:200,0
DA:201,198
DA:202,216
DA:203,0
DA:204,0
DA:205,228
DA:206,0
DA:207,0
DA:208,303
DA:209,468
DA:210,198
DA:211,288
DA:212,132
DA:213,225
DA:214,210
DA:215,39
DA:216,168
DA:217,27
DA:218,0
DA:219,0
DA:220,279
DA:221,0
DA:222,402
DA:223,0
DA:224,0
DA:225,0
DA:226,524
DA:227,0
DA:228,0
DA:229,24
DA:230,204
DA:231,237
DA:232,36
DA:233,60
DA:234,39
DA:235,0
DA:236,78
DA:237,180
DA:238,338
DA:239,105
DA:240,70
DA:241,265
DA:242,55
DA:243,67
DA:244,0
DA:245,34
DA:258,33
DA:259,60
DA:260,78
DA:261,48
DA:262,54
DA:263,72
DA:264,48
DA:265,78
DA:266,30
DA:267,228
DA:268,90
DA:269,78
DA:270,102
DA:271,108
DA:272,78
DA:273,84
DA:274,108
DA:275,198
DA:276,42
DA:277,0
DA:278,0
DA:279,117
DA:280,298
DA:287,129
DA:288,268
DA:297,126
DA:298,234
DA:299,0
DA:300,213
DA:301,42
DA:302,252
DA:303,291
DA:304,36
DA:305,0
DA:306,240
DA:307,90
DA:308,105
DA:309,447
DA:310,105
DA:311,0
DA:312,84
DA:313,114
DA:314,78
DA:315,204
DA:316,39
DA:317,0
DA:318,0
DA:319,0
DA:320,0
DA:321,0
DA:322,0
DA:323,0
DA:324,93
DA:325,201
DA:326,0
DA:327,0
DA:328,0
DA:329,0
DA:330,0
DA:331,78
DA:332,217
DA:338,84
DA:339,232
DA:340,184
DA:341,236
DA:343,8
DA:347,152
DA:352,135
DA:353,111
DA:354,162
DA:355,15
DA:356,114
DA:362,141
DA:363,114
DA:364,120
DA:372,111
DA:373,36
DA:374,60
DA:375,54
DA:376,36
DA:377,0
DA:378,0
DA:379,0
DA:380,0
DA:381,0
DA:382,0
DA:383,18
DA:384,72
DA:385,168
DA:386,54
DA:387,78
DA:388,72
DA:389,156
DA:390,186
DA:391,144
DA:392,204
DA:393,192
DA:394,126
DA:395,19
LF:177
LH:133
end_of_record
TN:
SF:apps/api/src/middleware/tracing.ts
FNF:4
FNH:4
BRF:0
BRH:0
DA:3,138
DA:6,88
DA:8,138
DA:10,162
DA:11,88
DA:18,20
DA:19,24
DA:20,48
DA:21,50
DA:24,94
DA:25,52
DA:26,66
DA:27,26
DA:28,4
DA:30,60
DA:31,90
DA:32,98
DA:34,90
DA:35,52
DA:36,38
DA:37,56
DA:38,52
DA:39,56
DA:40,70
DA:41,110
DA:42,6
DA:43,32
DA:44,22
DA:45,38
DA:47,68
DA:48,104
DA:50,54
DA:51,160
DA:52,66
DA:53,110
DA:54,112
DA:55,12
DA:56,38
DA:57,150
DA:58,64
DA:59,36
DA:60,14
DA:61,76
DA:62,168
DA:63,98
DA:64,92
DA:65,12
DA:67,36
DA:69,4
LF:49
LH:49
end_of_record
TN:
SF:apps/api/src/lib/tunnel-redis.ts
FNF:70
FNH:56
BRF:0
BRH:0
DA:15,56
DA:17,120
DA:18,142
DA:19,118
DA:21,66
DA:22,46
DA:23,52
DA:24,62
DA:25,78
DA:28,76
DA:30,30
DA:31,30
DA:32,48
DA:36,42
DA:42,46
DA:46,11
DA:47,15
DA:50,22
DA:51,88
DA:52,41
DA:55,20
DA:56,48
DA:57,60
DA:58,52
DA:59,18
DA:60,40
DA:61,0
DA:66,0
DA:67,4
DA:77,22
DA:78,42
DA:79,47
DA:83,42
DA:84,52
DA:85,120
DA:86,4
DA:87,24
DA:99,38
DA:100,0
DA:102,8
DA:103,27
DA:104,0
DA:105,0
DA:106,0
DA:107,20
DA:108,14
DA:109,81
DA:110,65
DA:111,4
DA:112,8
DA:113,29
DA:114,20
DA:115,95
DA:116,8
DA:117,0
DA:118,0
DA:120,8
DA:121,58
DA:123,124
DA:124,35
DA:125,91
DA:126,12
DA:127,42
DA:128,4
DA:129,6
DA:132,10
DA:133,32
DA:134,0
DA:135,0
DA:136,0
DA:137,4
DA:139,18
DA:140,68
DA:141,60
DA:142,54
DA:143,46
DA:144,0
DA:145,0
DA:146,8
DA:148,14
DA:149,94
DA:151,68
DA:152,60
DA:153,54
DA:154,46
DA:155,0
DA:156,0
DA:157,8
DA:159,14
DA:160,96
DA:162,108
DA:164,112
DA:165,126
DA:167,80
DA:169,118
DA:170,0
DA:176,0
DA:177,0
DA:178,0
DA:182,0
DA:183,0
DA:184,0
DA:185,0
DA:186,0
DA:187,0
DA:188,4
DA:191,42
DA:194,10
DA:195,22
DA:196,9
DA:197,15
DA:198,30
DA:199,21
DA:200,4
DA:201,15
DA:202,21
DA:203,2
DA:204,2
DA:205,21
DA:208,12
DA:209,22
DA:227,0
DA:228,2
DA:233,20
DA:234,42
DA:235,54
DA:236,24
DA:241,75
DA:242,96
DA:243,4
DA:244,54
DA:245,18
DA:246,64
DA:247,133
DA:248,17
DA:249,78
DA:255,40
DA:260,40
DA:261,54
DA:262,24
DA:263,156
DA:266,40
DA:267,40
DA:268,54
DA:269,24
DA:270,112
DA:271,52
DA:272,84
DA:273,4
DA:280,40
DA:281,40
DA:282,54
DA:283,24
DA:284,84
DA:287,40
DA:288,40
DA:289,54
DA:290,24
DA:291,134
DA:302,40
DA:303,40
DA:304,54
DA:305,24
DA:307,44
DA:308,22
DA:309,92
DA:310,0
DA:311,0
DA:312,8
DA:316,58
DA:317,52
DA:320,67
DA:321,15
DA:329,68
DA:330,54
DA:331,24
DA:332,72
DA:334,82
DA:336,36
DA:337,37
DA:338,44
DA:339,21
DA:340,15
DA:341,0
DA:342,42
DA:343,23
DA:344,28
DA:345,46
DA:346,27
DA:347,0
DA:348,0
DA:349,0
DA:350,0
DA:351,7
DA:352,0
DA:353,18
DA:354,7
DA:355,0
DA:356,19
DA:357,23
DA:358,30
DA:359,23
DA:360,87
DA:361,6
DA:362,0
DA:363,0
DA:364,0
DA:365,0
DA:366,4
DA:367,3
DA:433,46
DA:434,50
DA:436,6
DA:437,6
DA:438,8
DA:439,3
DA:440,21
DA:441,26
DA:444,76
DA:450,70
DA:455,22
DA:456,9
DA:457,54
DA:458,38
DA:459,0
DA:460,51
DA:461,38
DA:462,81
DA:463,39
DA:464,5
DA:465,67
DA:466,38
DA:467,0
DA:468,51
DA:469,44
DA:470,34
DA:471,42
DA:472,5
DA:473,3
DA:474,0
DA:475,1
DA:479,8
DA:480,0
DA:481,40
DA:482,29
DA:483,13
DA:484,124
DA:485,81
DA:486,4
DA:487,6
DA:488,2
DA:489,0
DA:490,22
DA:491,0
DA:492,9
DA:493,68
DA:494,76
DA:495,29
DA:496,13
DA:497,81
DA:498,3
DA:499,17
DA:500,63
DA:501,29
DA:502,13
DA:503,81
DA:504,3
DA:508,9
DA:509,57
DA:510,18
DA:511,0
DA:512,32
DA:513,44
DA:514,0
DA:515,14
DA:516,0
DA:517,11
DA:518,24
DA:522,9
DA:523,24
DA:524,0
DA:525,58
DA:526,50
DA:527,29
DA:528,13
DA:529,89
DA:530,2
DA:531,3
DA:534,9
DA:535,55
DA:536,18
DA:537,0
DA:538,78
DA:539,34
DA:540,42
DA:541,2
DA:542,0
DA:543,30
DA:546,6
DA:547,10
DA:548,12
DA:549,8
DA:550,3
DA:551,20
DA:552,27
DA:553,12
DA:554,0
DA:555,83
DA:556,0
DA:557,44
DA:558,0
DA:559,0
DA:560,2
DA:561,22
DA:562,0
DA:563,69
DA:564,0
DA:565,67
DA:566,0
DA:567,0
DA:568,0
DA:569,0
DA:570,4
DA:571,31
DA:574,6
DA:575,10
DA:576,12
DA:577,9
DA:578,9
DA:579,3
DA:580,0
DA:581,0
DA:582,0
DA:583,0
DA:584,24
DA:585,27
DA:586,27
DA:587,27
DA:588,29
DA:589,29
DA:590,7
DA:591,0
DA:592,0
DA:593,4
DA:594,85
DA:595,0
DA:596,0
DA:597,2
DA:598,29
DA:599,80
DA:600,82
DA:601,0
DA:602,0
DA:603,0
DA:604,0
DA:605,4
DA:606,4
DA:607,12
DA:608,20
DA:609,23
DA:610,31
DA:611,31
DA:612,0
DA:613,3
DA:618,42
DA:619,54
DA:620,24
DA:621,160
DA:624,42
DA:625,54
DA:626,24
DA:627,18
DA:628,104
DA:629,36
DA:630,0
DA:631,0
DA:632,2
DA:644,12
DA:645,24
DA:646,16
DA:647,20
DA:648,6
DA:649,54
DA:650,24
DA:651,68
DA:652,122
DA:653,128
DA:654,110
DA:657,12
DA:658,22
DA:659,6
DA:660,54
DA:661,24
DA:662,18
DA:663,108
DA:664,54
DA:665,44
DA:666,88
DA:667,26
DA:668,74
DA:669,122
DA:670,52
DA:671,14
DA:672,22
DA:673,8
DA:674,26
DA:675,0
DA:676,0
DA:677,2
DA:683,40
DA:684,18
DA:685,102
DA:686,42
DA:687,0
DA:688,0
DA:689,0
LF:416
LH:335
end_of_record
TN:
SF:apps/api/src/lib/twilio.ts
FNF:13
FNH:13
BRF:0
BRH:0
DA:17,82
DA:18,96
DA:20,128
DA:22,88
DA:23,13
DA:24,18
DA:25,84
DA:26,67
DA:27,10
DA:28,38
DA:29,65
DA:31,2
DA:81,1
DA:83,89
DA:84,176
DA:85,172
DA:86,166
DA:87,108
DA:88,97
DA:89,163
DA:90,9
DA:91,76
DA:92,84
DA:93,54
DA:96,34
DA:97,130
DA:98,44
DA:99,27
DA:102,43
DA:103,28
DA:104,78
DA:105,18
DA:106,14
DA:110,18
DA:111,25
DA:112,10
DA:113,118
DA:114,78
DA:115,138
DA:116,138
DA:117,110
DA:119,62
DA:120,92
DA:121,58
DA:122,142
DA:123,39
DA:124,72
DA:125,171
DA:126,9
DA:127,68
DA:136,125
DA:137,68
DA:138,108
DA:139,46
DA:140,54
DA:141,58
DA:142,18
DA:146,17
DA:147,15
DA:148,10
DA:149,74
DA:150,96
DA:151,158
DA:152,134
DA:153,67
DA:154,112
DA:155,156
DA:156,112
DA:157,40
DA:158,38
DA:159,34
DA:160,23
DA:161,90
DA:162,9
DA:163,9
DA:165,174
DA:166,42
DA:167,170
DA:168,50
DA:169,14
DA:170,39
DA:171,72
DA:172,169
DA:173,9
DA:174,68
DA:181,28
DA:182,40
DA:183,74
DA:184,120
DA:185,62
DA:186,80
DA:187,15
DA:191,35
DA:192,66
DA:193,148
DA:194,90
DA:195,12
DA:196,83
DA:197,72
DA:198,167
DA:199,9
DA:201,2
DA:208,50
DA:210,6
DA:211,104
DA:212,100
DA:213,71
DA:214,28
DA:215,14
DA:216,230
DA:217,5
DA:218,5
DA:219,24
DA:220,112
DA:221,24
DA:222,6
DA:236,59
DA:241,6
DA:242,92
DA:243,118
DA:244,56
DA:245,130
DA:246,172
DA:247,167
LF:124
LH:124
end_of_record
TN:
SF:apps/api/src/lib/url-validation.ts
FNF:1
FNH:1
BRF:0
BRH:0
DA:8,56
DA:9,22
DA:10,20
DA:11,62
DA:12,32
DA:13,32
DA:14,18
DA:15,86
DA:16,4
DA:18,56
DA:19,28
DA:20,58
DA:21,36
DA:22,4
DA:28,28
DA:29,26
DA:30,18
DA:31,50
DA:32,22
DA:33,58
DA:36,138
DA:37,106
DA:38,4
DA:40,98
DA:42,92
DA:43,92
DA:44,4
DA:47,104
DA:48,74
DA:49,4
DA:52,86
DA:53,64
DA:54,112
DA:55,4
DA:56,4
DA:58,22
LF:36
LH:36
end_of_record
TN:
SF:apps/api/src/lib/voice-context.ts
FNF:11
FNH:8
BRF:0
BRH:0
DA:29,34
DA:30,61
DA:31,53
DA:43,33
DA:44,31
DA:51,33
DA:57,20
DA:58,40
DA:59,43
DA:63,58
DA:64,67
DA:76,8
DA:81,3
DA:82,53
DA:83,96
DA:87,41
DA:88,50
DA:89,26
DA:90,16
DA:91,42
DA:92,2
DA:93,2
DA:95,9
DA:96,36
DA:97,68
DA:98,29
DA:99,7
DA:100,19
DA:104,43
DA:105,81
DA:106,66
DA:107,11
DA:108,4
DA:109,34
DA:110,58
DA:111,20
DA:112,11
DA:114,20
DA:115,5
DA:116,24
DA:117,70
DA:129,14
DA:130,9
DA:131,51
DA:132,31
DA:133,17
DA:134,19
DA:135,26
DA:136,24
DA:137,27
DA:138,5
DA:139,7
DA:140,29
DA:141,14
DA:142,29
DA:143,43
DA:144,39
DA:145,48
DA:146,2
DA:147,17
DA:148,13
DA:149,47
DA:150,19
DA:151,6
DA:152,12
DA:172,13
DA:175,3
DA:176,39
DA:179,56
DA:184,20
DA:185,20
DA:186,9
DA:187,53
DA:188,60
DA:189,69
DA:190,64
DA:191,7
DA:192,26
DA:193,23
DA:194,17
DA:197,13
DA:198,38
DA:199,19
DA:200,6
DA:203,56
DA:211,14
DA:215,3
DA:216,46
DA:217,22
DA:219,18
DA:220,44
DA:221,63
DA:222,66
DA:223,52
DA:224,70
DA:225,52
DA:226,4
DA:227,57
DA:228,2
DA:230,39
DA:231,23
DA:232,14
DA:233,71
DA:234,4
DA:235,2
DA:237,39
DA:238,23
DA:239,14
DA:240,67
DA:241,4
DA:242,2
DA:244,25
DA:251,97
LF:113
LH:113
end_of_record
TN:
SF:apps/api/src/lib/voice-meter.ts
FNF:4
FNH:4
BRF:0
BRH:0
DA:18,70
DA:19,168
DA:24,118
DA:76,12
DA:77,14
DA:78,6
DA:79,102
DA:80,146
DA:81,4
DA:83,38
DA:84,64
DA:85,50
DA:86,52
DA:88,138
DA:89,164
DA:90,154
DA:95,120
DA:96,28
DA:97,26
DA:98,52
DA:99,90
DA:100,20
DA:101,110
DA:102,10
DA:103,6
DA:104,10
DA:106,28
DA:107,56
DA:112,58
DA:113,82
DA:114,98
DA:115,4
DA:116,96
DA:117,126
DA:118,4
DA:120,36
DA:121,52
DA:122,88
DA:123,84
DA:124,66
DA:125,36
DA:127,102
DA:128,43
DA:129,24
DA:130,74
DA:131,31
DA:132,20
DA:133,52
DA:134,52
DA:135,68
DA:136,20
DA:137,141
DA:138,82
DA:139,33
DA:140,24
DA:141,112
DA:142,42
DA:143,10
DA:144,10
DA:145,22
DA:146,116
DA:147,30
DA:148,72
DA:149,80
DA:150,108
DA:151,80
DA:152,72
DA:153,120
DA:154,44
DA:155,88
DA:156,86
DA:157,42
DA:158,10
DA:159,14
DA:160,50
DA:163,46
DA:164,28
DA:165,28
DA:166,64
DA:167,26
DA:168,32
DA:169,40
DA:170,44
DA:171,50
DA:172,52
DA:173,28
DA:174,2
DA:175,4
DA:179,108
DA:180,76
DA:181,72
DA:182,64
DA:183,26
DA:184,30
DA:185,22
DA:186,28
DA:187,46
DA:188,88
DA:189,60
DA:190,68
DA:191,72
DA:192,64
DA:193,92
DA:194,40
DA:195,44
DA:196,50
DA:197,60
DA:198,62
DA:199,6
DA:200,10
DA:202,48
DA:205,28
DA:206,28
DA:207,64
DA:208,26
DA:209,32
DA:210,40
DA:211,44
DA:212,50
DA:213,54
DA:214,28
DA:215,2
DA:216,4
DA:222,108
DA:223,28
DA:224,76
DA:225,28
DA:226,12
DA:227,70
DA:228,88
DA:229,10
DA:230,32
DA:231,22
DA:232,88
DA:233,62
DA:234,78
DA:235,15
DA:236,17
DA:239,4
DA:241,24
DA:242,24
DA:243,58
DA:244,22
DA:245,28
DA:246,36
DA:247,40
DA:248,46
DA:249,50
DA:250,24
DA:251,4
DA:266,28
DA:272,6
DA:273,90
DA:274,96
DA:275,110
DA:276,138
DA:277,30
DA:278,32
DA:279,54
DA:280,92
DA:281,102
DA:282,4
DA:283,50
DA:284,46
DA:285,84
DA:287,130
DA:288,88
DA:289,94
DA:291,106
DA:292,66
DA:293,32
DA:294,124
LF:172
LH:172
end_of_record
TN:
SF:apps/api/src/lib/warm-pool-rescue.ts
FNF:10
FNH:9
BRF:0
BRH:0
DA:31,43
DA:33,57
DA:35,58
DA:87,6
DA:88,14
DA:89,3
DA:90,39
DA:91,33
DA:92,21
DA:93,40
DA:94,39
DA:95,58
DA:96,59
DA:97,40
DA:99,63
DA:100,53
DA:101,48
DA:102,43
DA:104,23
DA:105,96
DA:106,6
DA:108,60
DA:109,38
DA:110,123
DA:112,35
DA:113,23
DA:114,38
DA:115,34
DA:116,22
DA:117,28
DA:118,8
DA:119,34
DA:121,13
DA:122,68
DA:123,30
DA:126,55
DA:127,37
DA:128,23
DA:129,21
DA:130,50
DA:131,25
DA:132,109
DA:133,14
DA:136,9
DA:137,144
DA:138,8
DA:140,20
DA:141,33
DA:142,8
DA:143,6
DA:145,13
DA:146,32
DA:147,33
DA:148,77
DA:149,29
DA:150,8
DA:151,10
DA:152,83
DA:153,45
DA:154,73
DA:155,35
DA:156,28
DA:157,96
DA:158,17
DA:159,33
DA:160,76
DA:161,29
DA:162,8
DA:163,10
DA:164,82
DA:165,93
DA:166,64
DA:167,27
DA:168,60
DA:169,69
DA:170,54
DA:171,13
DA:172,25
DA:173,49
DA:174,60
DA:175,10
DA:176,34
DA:177,27
DA:178,118
DA:180,21
DA:181,56
DA:182,25
DA:183,97
DA:185,4
DA:187,57
DA:188,53
DA:189,57
DA:190,55
DA:191,55
DA:192,15
DA:194,8
DA:195,151
DA:196,6
DA:197,15
DA:198,1
DA:207,1
DA:208,11
DA:209,4
DA:210,3
DA:213,54
DA:214,32
DA:216,32
DA:217,64
DA:218,151
DA:219,95
DA:220,97
DA:221,105
DA:222,26
DA:223,99
DA:224,45
DA:225,84
DA:226,32
DA:227,5
DA:228,11
DA:229,25
DA:231,53
DA:233,57
DA:234,33
DA:235,18
DA:236,14
DA:237,23
DA:238,52
DA:239,5
DA:241,36
DA:242,82
DA:244,31
DA:245,37
DA:246,58
DA:247,61
DA:248,9
DA:249,69
DA:250,31
DA:253,19
DA:254,46
DA:255,18
DA:256,40
DA:257,5
DA:258,17
DA:259,37
DA:260,2
DA:261,51
DA:262,42
DA:263,11
DA:264,2
DA:265,23
LF:150
LH:150
end_of_record
TN:
SF:apps/api/src/lib/warm-pool-self-heal.ts
FNF:3
FNH:3
BRF:0
BRH:0
DA:28,254
DA:52,12
DA:53,22
DA:54,16
DA:55,12
DA:56,20
DA:57,28
DA:58,6
DA:59,72
DA:60,130
DA:61,76
DA:62,84
DA:64,28
DA:65,320
DA:66,8
DA:67,18
DA:68,154
DA:69,78
DA:70,124
DA:71,24
DA:72,34
DA:73,192
DA:78,24
DA:89,12
DA:90,22
DA:91,16
DA:92,12
DA:93,6
DA:94,120
DA:98,88
LF:30
LH:30
end_of_record
TN:
SF:apps/api/src/services/workspace.service.ts
FNF:18
FNH:18
BRF:0
BRH:0
DA:8,78
DA:9,80
DA:11,146
DA:31,12
DA:32,16
DA:33,18
DA:34,6
DA:36,128
DA:37,94
DA:38,114
DA:40,104
DA:41,102
DA:42,30
DA:43,56
DA:44,20
DA:45,10
DA:46,14
DA:48,90
DA:49,30
DA:50,30
DA:51,44
DA:52,68
DA:53,52
DA:54,10
DA:55,14
DA:57,62
DA:58,76
DA:60,24
DA:61,36
DA:62,60
DA:63,68
DA:64,62
DA:65,12
DA:66,30
DA:67,54
DA:68,70
DA:69,62
DA:70,84
DA:71,6
DA:72,4
DA:78,32
DA:79,100
DA:80,100
DA:81,32
DA:82,38
DA:83,6
DA:84,10
DA:86,68
DA:87,32
DA:88,34
DA:89,68
DA:90,6
DA:96,58
DA:97,100
DA:98,70
DA:99,60
DA:100,10
DA:102,76
DA:103,22
DA:104,4
DA:106,30
DA:107,42
DA:108,44
DA:109,78
DA:110,4
DA:116,30
DA:117,80
DA:118,34
DA:119,6
DA:125,12
DA:126,26
DA:127,12
DA:128,6
DA:129,72
DA:130,62
DA:131,12
DA:132,6
DA:139,12
DA:140,16
DA:141,28
DA:142,6
DA:143,62
DA:144,28
DA:145,56
DA:146,48
DA:147,82
DA:149,104
DA:150,102
DA:151,78
DA:152,14
DA:154,90
DA:155,30
DA:156,30
DA:157,44
DA:158,68
DA:159,52
DA:160,10
DA:161,14
DA:163,58
DA:164,8
DA:166,24
DA:167,36
DA:168,60
DA:169,68
DA:170,62
DA:171,12
DA:172,30
DA:173,54
DA:174,70
DA:175,62
DA:176,84
DA:177,6
DA:178,4
DA:185,34
DA:186,64
DA:187,28
DA:188,26
DA:189,40
DA:190,60
DA:191,6
DA:192,6
DA:198,12
DA:199,26
DA:200,16
DA:201,28
DA:202,6
DA:203,100
DA:204,28
DA:205,36
DA:206,32
DA:207,106
DA:208,6
DA:209,10
DA:211,30
LF:134
LH:134
end_of_record
TN:
SF:apps/api/src/lib/boot-marketplace-migrations.ts
FNF:3
FNH:2
BRF:0
BRH:0
DA:47,6
DA:48,5
DA:49,3
DA:50,16
DA:51,20
DA:53,59
DA:54,11
DA:55,57
DA:56,41
DA:57,19
DA:58,68
DA:60,2
DA:62,58
DA:63,11
DA:64,71
DA:65,48
DA:66,19
DA:67,50
DA:69,1
LF:19
LH:19
end_of_record
TN:
SF:apps/api/src/lib/pending-login-store.ts
FNF:10
FNH:10
BRF:0
BRH:0
DA:56,48
DA:78,60
DA:83,29
DA:85,11
DA:86,33
DA:89,12
DA:94,43
DA:95,40
DA:98,6
DA:99,21
DA:100,24
DA:108,23
DA:109,26
DA:110,12
DA:111,37
DA:112,6
DA:113,2
DA:114,9
DA:115,85
DA:116,17
DA:117,13
DA:118,122
DA:119,11
DA:120,6
DA:121,37
DA:131,15
DA:132,26
DA:133,43
DA:134,9
DA:135,45
DA:136,24
DA:137,23
DA:138,17
DA:139,13
DA:140,70
DA:141,11
DA:142,6
DA:143,32
DA:147,15
DA:148,26
DA:149,11
DA:150,11
DA:151,33
DA:152,0
DA:153,0
DA:154,0
DA:155,0
DA:156,2
DA:158,2
DA:162,30
DA:175,11
DA:176,25
DA:177,49
DA:178,35
DA:179,32
DA:180,2
DA:181,2
DA:185,26
DA:186,16
DA:187,19
DA:188,1
LF:61
LH:57
end_of_record
TN:
SF:apps/api/src/middleware/marketplace-feature.ts
FNF:5
FNH:5
BRF:0
BRH:0
DA:44,39
DA:46,27
DA:47,39
DA:54,17
DA:60,26
DA:61,60
DA:63,22
DA:64,9
DA:65,59
DA:66,31
DA:67,27
DA:68,7
DA:69,35
DA:70,17
DA:76,88
DA:77,20
DA:80,53
DA:81,15
DA:90,17
DA:91,54
DA:92,62
DA:94,47
DA:95,18
DA:96,14
DA:97,7
DA:98,16
DA:99,37
DA:100,70
DA:101,5
DA:102,3
DA:103,3
DA:104,1
DA:105,2
DA:106,14
DA:110,11
DA:111,14
LF:36
LH:36
end_of_record
